-- The C compiler identification is GNU 11.4.0
-- The CXX compiler identification is GNU 11.4.0
-- Check for working C compiler: /usr/bin/cc
-- Check for working C compiler: /usr/bin/cc -- works
-- Detecting C compiler ABI info
-- Detecting C compiler ABI info - done
-- Detecting C compile features
-- Detecting C compile features - done
-- Check for working CXX compiler: /usr/bin/c++
-- Check for working CXX compiler: /usr/bin/c++ -- works
-- Detecting CXX compiler ABI info
-- Detecting CXX compiler ABI info - done
-- Detecting CXX compile features
-- Detecting CXX compile features - done
-- Found ament_cmake: 0.9.12 (/opt/ros/foxy/share/ament_cmake/cmake)
-- Found PythonInterp: /usr/bin/python3 (found suitable version "3.8.10", minimum required is "3") 
-- Using PYTHON_EXECUTABLE: /usr/bin/python3
-- Found geometry_msgs: 2.0.5 (/opt/ros/foxy/share/geometry_msgs/cmake)
-- Using all available rosidl_typesupport_c: rosidl_typesupport_fastrtps_c;rosidl_typesupport_introspection_c
-- Found rosidl_adapter: 1.3.1 (/opt/ros/foxy/share/rosidl_adapter/cmake)
-- Found OpenSSL: /usr/lib/x86_64-linux-gnu/libcrypto.so (found version "1.1.1f")  
-- Found FastRTPS: /opt/ros/foxy/include  
-- Using all available rosidl_typesupport_cpp: rosidl_typesupport_fastrtps_cpp;rosidl_typesupport_introspection_cpp
-- Found rosidl_default_generators: 1.0.1 (/opt/ros/foxy/share/rosidl_default_generators/cmake)
-- Found ament_lint_auto: 0.9.8 (/opt/ros/foxy/share/ament_lint_auto/cmake)
-- Found PythonInterp: /usr/bin/python3 (found version "3.8.10") 
-- Found ament_cmake_ros: 0.9.2 (/opt/ros/foxy/share/ament_cmake_ros/cmake)
-- Using all available rosidl_typesupport_c: rosidl_typesupport_fastrtps_c;rosidl_typesupport_introspection_c
-- Using all available rosidl_typesupport_cpp: rosidl_typesupport_fastrtps_cpp;rosidl_typesupport_introspection_cpp
-- Found PythonInterp: /usr/bin/python3 (found suitable version "3.8.10", minimum required is "3.5") 
-- Found python_cmake_module: 0.8.1 (/opt/ros/foxy/share/python_cmake_module/cmake)
-- Found PythonLibs: /usr/lib/x86_64-linux-gnu/libpython3.8.so (found suitable version "3.8.10", minimum required is "3.5") 
-- Using PYTHON_EXECUTABLE: /usr/bin/python3
-- Using PYTHON_INCLUDE_DIRS: /usr/include/python3.8
-- Using PYTHON_LIBRARIES: /usr/lib/x86_64-linux-gnu/libpython3.8.so
-- Found PythonExtra: .so  
-- Added test 'copyright' to check source files copyright and LICENSE
-- Added test 'lint_cmake' to check CMake code style
-- Added test 'xmllint' to check XML markup files
-- Configuring done
-- Generating done
-- Build files have been written to: /home/lwx/data/git/rl_deploy/build/common_msg
[  1%] [34m[1mGenerating C code for ROS interfaces[0m
[35m[1mScanning dependencies of target common_msg__cpp[0m
[  1%] [34m[1mGenerating C++ code for ROS interfaces[0m
[  1%] Built target common_msg__cpp
[  1%] [34m[1mGenerating C++ type support for eProsima Fast-RTPS[0m
[  2%] [34m[1mGenerating C++ introspection for ROS interfaces[0m
[  3%] [34m[1mGenerating C++ type support dispatch for ROS interfaces[0m
[35m[1mScanning dependencies of target common_msg__rosidl_generator_c[0m
[  5%] [32mBuilding C object CMakeFiles/common_msg__rosidl_generator_c.dir/rosidl_generator_c/common_msg/msg/detail/motor_control_array__functions.c.o[0m
[  5%] [32mBuilding C object CMakeFiles/common_msg__rosidl_generator_c.dir/rosidl_generator_c/common_msg/msg/detail/low_cmd__functions.c.o[0m
[  6%] [32mBuilding C object CMakeFiles/common_msg__rosidl_generator_c.dir/rosidl_generator_c/common_msg/msg/detail/foot_sensor__functions.c.o[0m
[  7%] [32mBuilding C object CMakeFiles/common_msg__rosidl_generator_c.dir/rosidl_generator_c/common_msg/msg/detail/motor_state__functions.c.o[0m
[  9%] [32mBuilding C object CMakeFiles/common_msg__rosidl_generator_c.dir/rosidl_generator_c/common_msg/msg/detail/motor_cmd__functions.c.o[0m
[  9%] [32mBuilding C object CMakeFiles/common_msg__rosidl_generator_c.dir/rosidl_generator_c/common_msg/msg/detail/motor_control_cmd__functions.c.o[0m
[  9%] [32mBuilding C object CMakeFiles/common_msg__rosidl_generator_c.dir/rosidl_generator_c/common_msg/msg/detail/low_state__functions.c.o[0m
[ 10%] [32mBuilding C object CMakeFiles/common_msg__rosidl_generator_c.dir/rosidl_generator_c/common_msg/msg/detail/motor_state_array__functions.c.o[0m
[ 12%] [32mBuilding C object CMakeFiles/common_msg__rosidl_generator_c.dir/rosidl_generator_c/common_msg/msg/detail/motor_set__functions.c.o[0m
[ 12%] [32mBuilding C object CMakeFiles/common_msg__rosidl_generator_c.dir/rosidl_generator_c/common_msg/msg/detail/bms_state__functions.c.o[0m
[ 13%] [32mBuilding C object CMakeFiles/common_msg__rosidl_generator_c.dir/rosidl_generator_c/common_msg/msg/detail/imu__functions.c.o[0m
[ 14%] [32m[1mLinking C shared library libcommon_msg__rosidl_generator_c.so[0m
[ 14%] Built target common_msg__rosidl_generator_c
[ 16%] [34m[1mGenerating C type support dispatch for ROS interfaces[0m
[ 16%] [34m[1mGenerating C introspection for ROS interfaces[0m
[35m[1mScanning dependencies of target common_msg__rosidl_typesupport_cpp[0m
[ 17%] [32mBuilding CXX object CMakeFiles/common_msg__rosidl_typesupport_cpp.dir/rosidl_typesupport_cpp/common_msg/msg/low_cmd__type_support.cpp.o[0m
[ 18%] [32mBuilding CXX object CMakeFiles/common_msg__rosidl_typesupport_cpp.dir/rosidl_typesupport_cpp/common_msg/msg/motor_state__type_support.cpp.o[0m
[ 18%] [32mBuilding CXX object CMakeFiles/common_msg__rosidl_typesupport_cpp.dir/rosidl_typesupport_cpp/common_msg/msg/motor_state_array__type_support.cpp.o[0m
[ 19%] [32mBuilding CXX object CMakeFiles/common_msg__rosidl_typesupport_cpp.dir/rosidl_typesupport_cpp/common_msg/msg/motor_set__type_support.cpp.o[0m
[ 21%] [32mBuilding CXX object CMakeFiles/common_msg__rosidl_typesupport_cpp.dir/rosidl_typesupport_cpp/common_msg/msg/motor_control_array__type_support.cpp.o[0m
[ 22%] [32mBuilding CXX object CMakeFiles/common_msg__rosidl_typesupport_cpp.dir/rosidl_typesupport_cpp/common_msg/msg/motor_cmd__type_support.cpp.o[0m
[ 22%] [32mBuilding CXX object CMakeFiles/common_msg__rosidl_typesupport_cpp.dir/rosidl_typesupport_cpp/common_msg/msg/motor_control_cmd__type_support.cpp.o[0m
[ 24%] [32mBuilding CXX object CMakeFiles/common_msg__rosidl_typesupport_cpp.dir/rosidl_typesupport_cpp/common_msg/msg/bms_state__type_support.cpp.o[0m
[ 24%] [32mBuilding CXX object CMakeFiles/common_msg__rosidl_typesupport_cpp.dir/rosidl_typesupport_cpp/common_msg/msg/low_state__type_support.cpp.o[0m
[ 25%] [32mBuilding CXX object CMakeFiles/common_msg__rosidl_typesupport_cpp.dir/rosidl_typesupport_cpp/common_msg/msg/imu__type_support.cpp.o[0m
[ 26%] [32mBuilding CXX object CMakeFiles/common_msg__rosidl_typesupport_cpp.dir/rosidl_typesupport_cpp/common_msg/msg/foot_sensor__type_support.cpp.o[0m
[35m[1mScanning dependencies of target common_msg__rosidl_typesupport_introspection_cpp[0m
[ 27%] [32mBuilding CXX object CMakeFiles/common_msg__rosidl_typesupport_introspection_cpp.dir/rosidl_typesupport_introspection_cpp/common_msg/msg/detail/motor_control_array__type_support.cpp.o[0m
[ 28%] [32mBuilding CXX object CMakeFiles/common_msg__rosidl_typesupport_introspection_cpp.dir/rosidl_typesupport_introspection_cpp/common_msg/msg/detail/motor_control_cmd__type_support.cpp.o[0m
[ 29%] [32mBuilding CXX object CMakeFiles/common_msg__rosidl_typesupport_introspection_cpp.dir/rosidl_typesupport_introspection_cpp/common_msg/msg/detail/motor_state__type_support.cpp.o[0m
[ 30%] [32mBuilding CXX object CMakeFiles/common_msg__rosidl_typesupport_introspection_cpp.dir/rosidl_typesupport_introspection_cpp/common_msg/msg/detail/low_cmd__type_support.cpp.o[0m
[ 30%] [32mBuilding CXX object CMakeFiles/common_msg__rosidl_typesupport_introspection_cpp.dir/rosidl_typesupport_introspection_cpp/common_msg/msg/detail/motor_cmd__type_support.cpp.o[0m
[ 31%] [32mBuilding CXX object CMakeFiles/common_msg__rosidl_typesupport_introspection_cpp.dir/rosidl_typesupport_introspection_cpp/common_msg/msg/detail/low_state__type_support.cpp.o[0m
[35m[1mScanning dependencies of target common_msg__rosidl_typesupport_c[0m
[ 33%] [32mBuilding CXX object CMakeFiles/common_msg__rosidl_typesupport_c.dir/rosidl_typesupport_c/common_msg/msg/low_cmd__type_support.cpp.o[0m
[ 33%] [32mBuilding CXX object CMakeFiles/common_msg__rosidl_typesupport_introspection_cpp.dir/rosidl_typesupport_introspection_cpp/common_msg/msg/detail/motor_set__type_support.cpp.o[0m
[ 34%] [32mBuilding CXX object CMakeFiles/common_msg__rosidl_typesupport_introspection_cpp.dir/rosidl_typesupport_introspection_cpp/common_msg/msg/detail/motor_state_array__type_support.cpp.o[0m
[ 35%] [32mBuilding CXX object CMakeFiles/common_msg__rosidl_typesupport_introspection_cpp.dir/rosidl_typesupport_introspection_cpp/common_msg/msg/detail/bms_state__type_support.cpp.o[0m
[ 36%] [32mBuilding CXX object CMakeFiles/common_msg__rosidl_typesupport_introspection_cpp.dir/rosidl_typesupport_introspection_cpp/common_msg/msg/detail/imu__type_support.cpp.o[0m
[ 37%] [32mBuilding CXX object CMakeFiles/common_msg__rosidl_typesupport_c.dir/rosidl_typesupport_c/common_msg/msg/motor_cmd__type_support.cpp.o[0m
[ 37%] [32mBuilding CXX object CMakeFiles/common_msg__rosidl_typesupport_c.dir/rosidl_typesupport_c/common_msg/msg/motor_control_cmd__type_support.cpp.o[0m
[ 38%] [32mBuilding CXX object CMakeFiles/common_msg__rosidl_typesupport_introspection_cpp.dir/rosidl_typesupport_introspection_cpp/common_msg/msg/detail/foot_sensor__type_support.cpp.o[0m
[ 39%] [32mBuilding CXX object CMakeFiles/common_msg__rosidl_typesupport_c.dir/rosidl_typesupport_c/common_msg/msg/motor_control_array__type_support.cpp.o[0m
[ 40%] [32mBuilding CXX object CMakeFiles/common_msg__rosidl_typesupport_c.dir/rosidl_typesupport_c/common_msg/msg/motor_state__type_support.cpp.o[0m
[ 41%] [32mBuilding CXX object CMakeFiles/common_msg__rosidl_typesupport_c.dir/rosidl_typesupport_c/common_msg/msg/low_state__type_support.cpp.o[0m
[ 42%] [32mBuilding CXX object CMakeFiles/common_msg__rosidl_typesupport_c.dir/rosidl_typesupport_c/common_msg/msg/motor_state_array__type_support.cpp.o[0m
[ 43%] [32m[1mLinking CXX shared library libcommon_msg__rosidl_typesupport_cpp.so[0m
[ 44%] [32mBuilding CXX object CMakeFiles/common_msg__rosidl_typesupport_c.dir/rosidl_typesupport_c/common_msg/msg/motor_set__type_support.cpp.o[0m
[ 45%] [32mBuilding CXX object CMakeFiles/common_msg__rosidl_typesupport_c.dir/rosidl_typesupport_c/common_msg/msg/bms_state__type_support.cpp.o[0m
[ 46%] [32mBuilding CXX object CMakeFiles/common_msg__rosidl_typesupport_c.dir/rosidl_typesupport_c/common_msg/msg/imu__type_support.cpp.o[0m
[ 47%] [32mBuilding CXX object CMakeFiles/common_msg__rosidl_typesupport_c.dir/rosidl_typesupport_c/common_msg/msg/foot_sensor__type_support.cpp.o[0m
[35m[1mScanning dependencies of target common_msg__rosidl_typesupport_fastrtps_cpp[0m
[35m[1mScanning dependencies of target common_msg__rosidl_typesupport_introspection_c[0m
[ 48%] [32mBuilding CXX object CMakeFiles/common_msg__rosidl_typesupport_fastrtps_cpp.dir/rosidl_typesupport_fastrtps_cpp/common_msg/msg/detail/dds_fastrtps/motor_cmd__type_support.cpp.o[0m
[ 49%] [32mBuilding CXX object CMakeFiles/common_msg__rosidl_typesupport_fastrtps_cpp.dir/rosidl_typesupport_fastrtps_cpp/common_msg/msg/detail/dds_fastrtps/motor_state_array__type_support.cpp.o[0m
[ 50%] [32mBuilding CXX object CMakeFiles/common_msg__rosidl_typesupport_fastrtps_cpp.dir/rosidl_typesupport_fastrtps_cpp/common_msg/msg/detail/dds_fastrtps/motor_control_array__type_support.cpp.o[0m
[ 51%] [32m[1mLinking CXX shared library libcommon_msg__rosidl_typesupport_c.so[0m
[ 52%] [32mBuilding CXX object CMakeFiles/common_msg__rosidl_typesupport_fastrtps_cpp.dir/rosidl_typesupport_fastrtps_cpp/common_msg/msg/detail/dds_fastrtps/motor_state__type_support.cpp.o[0m
[ 53%] [32mBuilding CXX object CMakeFiles/common_msg__rosidl_typesupport_fastrtps_cpp.dir/rosidl_typesupport_fastrtps_cpp/common_msg/msg/detail/dds_fastrtps/low_cmd__type_support.cpp.o[0m
[ 54%] [32mBuilding CXX object CMakeFiles/common_msg__rosidl_typesupport_fastrtps_cpp.dir/rosidl_typesupport_fastrtps_cpp/common_msg/msg/detail/dds_fastrtps/motor_control_cmd__type_support.cpp.o[0m
[ 54%] Built target common_msg__rosidl_typesupport_cpp
[ 55%] [32mBuilding C object CMakeFiles/common_msg__rosidl_typesupport_introspection_c.dir/rosidl_typesupport_introspection_c/common_msg/msg/detail/low_cmd__type_support.c.o[0m
[ 56%] [32mBuilding CXX object CMakeFiles/common_msg__rosidl_typesupport_fastrtps_cpp.dir/rosidl_typesupport_fastrtps_cpp/common_msg/msg/detail/dds_fastrtps/low_state__type_support.cpp.o[0m
[ 57%] [32mBuilding CXX object CMakeFiles/common_msg__rosidl_typesupport_fastrtps_cpp.dir/rosidl_typesupport_fastrtps_cpp/common_msg/msg/detail/dds_fastrtps/bms_state__type_support.cpp.o[0m
[ 57%] [32mBuilding CXX object CMakeFiles/common_msg__rosidl_typesupport_fastrtps_cpp.dir/rosidl_typesupport_fastrtps_cpp/common_msg/msg/detail/dds_fastrtps/imu__type_support.cpp.o[0m
[ 58%] [32mBuilding CXX object CMakeFiles/common_msg__rosidl_typesupport_fastrtps_cpp.dir/rosidl_typesupport_fastrtps_cpp/common_msg/msg/detail/dds_fastrtps/foot_sensor__type_support.cpp.o[0m
[ 59%] [32mBuilding C object CMakeFiles/common_msg__rosidl_typesupport_introspection_c.dir/rosidl_typesupport_introspection_c/common_msg/msg/detail/motor_cmd__type_support.c.o[0m
[ 60%] [32mBuilding CXX object CMakeFiles/common_msg__rosidl_typesupport_fastrtps_cpp.dir/rosidl_typesupport_fastrtps_cpp/common_msg/msg/detail/dds_fastrtps/motor_set__type_support.cpp.o[0m
[ 61%] [32mBuilding C object CMakeFiles/common_msg__rosidl_typesupport_introspection_c.dir/rosidl_typesupport_introspection_c/common_msg/msg/detail/motor_control_cmd__type_support.c.o[0m
[ 61%] Built target common_msg__rosidl_typesupport_c
[ 62%] [32mBuilding C object CMakeFiles/common_msg__rosidl_typesupport_introspection_c.dir/rosidl_typesupport_introspection_c/common_msg/msg/detail/motor_control_array__type_support.c.o[0m
[ 63%] [32mBuilding C object CMakeFiles/common_msg__rosidl_typesupport_introspection_c.dir/rosidl_typesupport_introspection_c/common_msg/msg/detail/motor_state__type_support.c.o[0m
[ 64%] [32mBuilding C object CMakeFiles/common_msg__rosidl_typesupport_introspection_c.dir/rosidl_typesupport_introspection_c/common_msg/msg/detail/low_state__type_support.c.o[0m
[ 64%] [32mBuilding C object CMakeFiles/common_msg__rosidl_typesupport_introspection_c.dir/rosidl_typesupport_introspection_c/common_msg/msg/detail/motor_set__type_support.c.o[0m
[ 65%] [32mBuilding C object CMakeFiles/common_msg__rosidl_typesupport_introspection_c.dir/rosidl_typesupport_introspection_c/common_msg/msg/detail/motor_state_array__type_support.c.o[0m
[ 66%] [32mBuilding C object CMakeFiles/common_msg__rosidl_typesupport_introspection_c.dir/rosidl_typesupport_introspection_c/common_msg/msg/detail/bms_state__type_support.c.o[0m
[ 67%] [32mBuilding C object CMakeFiles/common_msg__rosidl_typesupport_introspection_c.dir/rosidl_typesupport_introspection_c/common_msg/msg/detail/imu__type_support.c.o[0m
[ 68%] [32mBuilding C object CMakeFiles/common_msg__rosidl_typesupport_introspection_c.dir/rosidl_typesupport_introspection_c/common_msg/msg/detail/foot_sensor__type_support.c.o[0m
[ 69%] [32m[1mLinking C shared library libcommon_msg__rosidl_typesupport_introspection_c.so[0m
[ 69%] Built target common_msg__rosidl_typesupport_introspection_c
[ 70%] [32m[1mLinking CXX shared library libcommon_msg__rosidl_typesupport_introspection_cpp.so[0m
[ 70%] Built target common_msg__rosidl_typesupport_introspection_cpp
[ 71%] [32m[1mLinking CXX shared library libcommon_msg__rosidl_typesupport_fastrtps_cpp.so[0m
[ 71%] Built target common_msg__rosidl_typesupport_fastrtps_cpp
[ 72%] [34m[1mGenerating C type support for eProsima Fast-RTPS[0m
[35m[1mScanning dependencies of target common_msg__rosidl_typesupport_fastrtps_c[0m
[ 74%] [32mBuilding CXX object CMakeFiles/common_msg__rosidl_typesupport_fastrtps_c.dir/rosidl_typesupport_fastrtps_c/common_msg/msg/detail/motor_cmd__type_support_c.cpp.o[0m
[ 74%] [32mBuilding CXX object CMakeFiles/common_msg__rosidl_typesupport_fastrtps_c.dir/rosidl_typesupport_fastrtps_c/common_msg/msg/detail/motor_state__type_support_c.cpp.o[0m
[ 74%] [32mBuilding CXX object CMakeFiles/common_msg__rosidl_typesupport_fastrtps_c.dir/rosidl_typesupport_fastrtps_c/common_msg/msg/detail/motor_control_cmd__type_support_c.cpp.o[0m
[ 75%] [32mBuilding CXX object CMakeFiles/common_msg__rosidl_typesupport_fastrtps_c.dir/rosidl_typesupport_fastrtps_c/common_msg/msg/detail/low_state__type_support_c.cpp.o[0m
[ 76%] [32mBuilding CXX object CMakeFiles/common_msg__rosidl_typesupport_fastrtps_c.dir/rosidl_typesupport_fastrtps_c/common_msg/msg/detail/motor_control_array__type_support_c.cpp.o[0m
[ 77%] [32mBuilding CXX object CMakeFiles/common_msg__rosidl_typesupport_fastrtps_c.dir/rosidl_typesupport_fastrtps_c/common_msg/msg/detail/low_cmd__type_support_c.cpp.o[0m
[ 78%] [32mBuilding CXX object CMakeFiles/common_msg__rosidl_typesupport_fastrtps_c.dir/rosidl_typesupport_fastrtps_c/common_msg/msg/detail/motor_set__type_support_c.cpp.o[0m
[ 80%] [32mBuilding CXX object CMakeFiles/common_msg__rosidl_typesupport_fastrtps_c.dir/rosidl_typesupport_fastrtps_c/common_msg/msg/detail/bms_state__type_support_c.cpp.o[0m
[ 80%] [32mBuilding CXX object CMakeFiles/common_msg__rosidl_typesupport_fastrtps_c.dir/rosidl_typesupport_fastrtps_c/common_msg/msg/detail/motor_state_array__type_support_c.cpp.o[0m
[ 81%] [32mBuilding CXX object CMakeFiles/common_msg__rosidl_typesupport_fastrtps_c.dir/rosidl_typesupport_fastrtps_c/common_msg/msg/detail/imu__type_support_c.cpp.o[0m
[ 82%] [32mBuilding CXX object CMakeFiles/common_msg__rosidl_typesupport_fastrtps_c.dir/rosidl_typesupport_fastrtps_c/common_msg/msg/detail/foot_sensor__type_support_c.cpp.o[0m
[ 83%] [32m[1mLinking CXX shared library libcommon_msg__rosidl_typesupport_fastrtps_c.so[0m
[ 83%] Built target common_msg__rosidl_typesupport_fastrtps_c
[35m[1mScanning dependencies of target common_msg[0m
[ 83%] Built target common_msg
[35m[1mScanning dependencies of target common_msg__py[0m
[ 84%] [34m[1mGenerating Python code for ROS interfaces[0m
[ 84%] Built target common_msg__py
[35m[1mScanning dependencies of target common_msg__python[0m
[ 85%] [32mBuilding C object CMakeFiles/common_msg__python.dir/rosidl_generator_py/common_msg/msg/_low_cmd_s.c.o[0m
[ 87%] [32mBuilding C object CMakeFiles/common_msg__python.dir/rosidl_generator_py/common_msg/msg/_motor_cmd_s.c.o[0m
[ 87%] [32mBuilding C object CMakeFiles/common_msg__python.dir/rosidl_generator_py/common_msg/msg/_motor_control_cmd_s.c.o[0m
[ 88%] [32mBuilding C object CMakeFiles/common_msg__python.dir/rosidl_generator_py/common_msg/msg/_motor_control_array_s.c.o[0m
[ 89%] [32mBuilding C object CMakeFiles/common_msg__python.dir/rosidl_generator_py/common_msg/msg/_motor_state_s.c.o[0m
[ 90%] [32mBuilding C object CMakeFiles/common_msg__python.dir/rosidl_generator_py/common_msg/msg/_foot_sensor_s.c.o[0m
[ 91%] [32mBuilding C object CMakeFiles/common_msg__python.dir/rosidl_generator_py/common_msg/msg/_motor_state_array_s.c.o[0m
[ 93%] [32mBuilding C object CMakeFiles/common_msg__python.dir/rosidl_generator_py/common_msg/msg/_motor_set_s.c.o[0m
[ 93%] [32mBuilding C object CMakeFiles/common_msg__python.dir/rosidl_generator_py/common_msg/msg/_low_state_s.c.o[0m
[ 93%] [32mBuilding C object CMakeFiles/common_msg__python.dir/rosidl_generator_py/common_msg/msg/_bms_state_s.c.o[0m
[ 94%] [32mBuilding C object CMakeFiles/common_msg__python.dir/rosidl_generator_py/common_msg/msg/_imu_s.c.o[0m
[ 95%] [32m[1mLinking C shared library rosidl_generator_py/common_msg/libcommon_msg__python.so[0m
[ 95%] Built target common_msg__python
[35m[1mScanning dependencies of target common_msg__rosidl_typesupport_introspection_c__pyext[0m
[35m[1mScanning dependencies of target common_msg__rosidl_typesupport_c__pyext[0m
[35m[1mScanning dependencies of target common_msg__rosidl_typesupport_fastrtps_c__pyext[0m
[ 96%] [32mBuilding C object CMakeFiles/common_msg__rosidl_typesupport_c__pyext.dir/rosidl_generator_py/common_msg/_common_msg_s.ep.rosidl_typesupport_c.c.o[0m
[ 96%] [32mBuilding C object CMakeFiles/common_msg__rosidl_typesupport_introspection_c__pyext.dir/rosidl_generator_py/common_msg/_common_msg_s.ep.rosidl_typesupport_introspection_c.c.o[0m
[ 97%] [32mBuilding C object CMakeFiles/common_msg__rosidl_typesupport_fastrtps_c__pyext.dir/rosidl_generator_py/common_msg/_common_msg_s.ep.rosidl_typesupport_fastrtps_c.c.o[0m
[100%] [32m[1mLinking CXX shared library rosidl_generator_py/common_msg/common_msg_s__rosidl_typesupport_fastrtps_c.cpython-38-x86_64-linux-gnu.so[0m
[100%] [32m[1mLinking C shared library rosidl_generator_py/common_msg/common_msg_s__rosidl_typesupport_c.cpython-38-x86_64-linux-gnu.so[0m
[100%] [32m[1mLinking C shared library rosidl_generator_py/common_msg/common_msg_s__rosidl_typesupport_introspection_c.cpython-38-x86_64-linux-gnu.so[0m
[100%] Built target common_msg__rosidl_typesupport_c__pyext
[100%] Built target common_msg__rosidl_typesupport_introspection_c__pyext
[100%] Built target common_msg__rosidl_typesupport_fastrtps_c__pyext
-- Install configuration: ""
-- Installing: /home/lwx/data/git/rl_deploy/install/common_msg/share/ament_index/resource_index/rosidl_interfaces/common_msg
-- Installing: /home/lwx/data/git/rl_deploy/install/common_msg/include/common_msg
-- Installing: /home/lwx/data/git/rl_deploy/install/common_msg/include/common_msg/msg
-- Installing: /home/lwx/data/git/rl_deploy/install/common_msg/include/common_msg/msg/motor_state_array.h
-- Installing: /home/lwx/data/git/rl_deploy/install/common_msg/include/common_msg/msg/bms_state.h
-- Installing: /home/lwx/data/git/rl_deploy/install/common_msg/include/common_msg/msg/motor_set.h
-- Installing: /home/lwx/data/git/rl_deploy/install/common_msg/include/common_msg/msg/low_cmd.h
-- Installing: /home/lwx/data/git/rl_deploy/install/common_msg/include/common_msg/msg/motor_cmd.h
-- Installing: /home/lwx/data/git/rl_deploy/install/common_msg/include/common_msg/msg/foot_sensor.h
-- Installing: /home/lwx/data/git/rl_deploy/install/common_msg/include/common_msg/msg/motor_control_array.h
-- Installing: /home/lwx/data/git/rl_deploy/install/common_msg/include/common_msg/msg/motor_control_cmd.h
-- Installing: /home/lwx/data/git/rl_deploy/install/common_msg/include/common_msg/msg/imu.h
-- Installing: /home/lwx/data/git/rl_deploy/install/common_msg/include/common_msg/msg/low_state.h
-- Installing: /home/lwx/data/git/rl_deploy/install/common_msg/include/common_msg/msg/rosidl_generator_c__visibility_control.h
-- Installing: /home/lwx/data/git/rl_deploy/install/common_msg/include/common_msg/msg/detail
-- Installing: /home/lwx/data/git/rl_deploy/install/common_msg/include/common_msg/msg/detail/bms_state__type_support.h
-- Installing: /home/lwx/data/git/rl_deploy/install/common_msg/include/common_msg/msg/detail/imu__functions.h
-- Installing: /home/lwx/data/git/rl_deploy/install/common_msg/include/common_msg/msg/detail/foot_sensor__functions.c
-- Installing: /home/lwx/data/git/rl_deploy/install/common_msg/include/common_msg/msg/detail/motor_set__struct.h
-- Installing: /home/lwx/data/git/rl_deploy/install/common_msg/include/common_msg/msg/detail/motor_state_array__functions.c
-- Installing: /home/lwx/data/git/rl_deploy/install/common_msg/include/common_msg/msg/detail/motor_cmd__functions.h
-- Installing: /home/lwx/data/git/rl_deploy/install/common_msg/include/common_msg/msg/detail/motor_control_array__functions.h
-- Installing: /home/lwx/data/git/rl_deploy/install/common_msg/include/common_msg/msg/detail/motor_control_array__struct.h
-- Installing: /home/lwx/data/git/rl_deploy/install/common_msg/include/common_msg/msg/detail/low_state__functions.h
-- Installing: /home/lwx/data/git/rl_deploy/install/common_msg/include/common_msg/msg/detail/motor_cmd__struct.h
-- Installing: /home/lwx/data/git/rl_deploy/install/common_msg/include/common_msg/msg/detail/motor_control_array__functions.c
-- Installing: /home/lwx/data/git/rl_deploy/install/common_msg/include/common_msg/msg/detail/bms_state__struct.h
-- Installing: /home/lwx/data/git/rl_deploy/install/common_msg/include/common_msg/msg/detail/low_cmd__functions.h
-- Installing: /home/lwx/data/git/rl_deploy/install/common_msg/include/common_msg/msg/detail/motor_cmd__type_support.h
-- Installing: /home/lwx/data/git/rl_deploy/install/common_msg/include/common_msg/msg/detail/motor_state__functions.c
-- Installing: /home/lwx/data/git/rl_deploy/install/common_msg/include/common_msg/msg/detail/low_cmd__functions.c
-- Installing: /home/lwx/data/git/rl_deploy/install/common_msg/include/common_msg/msg/detail/motor_set__functions.c
-- Installing: /home/lwx/data/git/rl_deploy/install/common_msg/include/common_msg/msg/detail/motor_control_cmd__functions.c
-- Installing: /home/lwx/data/git/rl_deploy/install/common_msg/include/common_msg/msg/detail/foot_sensor__struct.h
-- Installing: /home/lwx/data/git/rl_deploy/install/common_msg/include/common_msg/msg/detail/low_cmd__type_support.h
-- Installing: /home/lwx/data/git/rl_deploy/install/common_msg/include/common_msg/msg/detail/motor_set__type_support.h
-- Installing: /home/lwx/data/git/rl_deploy/install/common_msg/include/common_msg/msg/detail/motor_control_cmd__type_support.h
-- Installing: /home/lwx/data/git/rl_deploy/install/common_msg/include/common_msg/msg/detail/foot_sensor__type_support.h
-- Installing: /home/lwx/data/git/rl_deploy/install/common_msg/include/common_msg/msg/detail/low_state__struct.h
-- Installing: /home/lwx/data/git/rl_deploy/install/common_msg/include/common_msg/msg/detail/motor_control_cmd__functions.h
-- Installing: /home/lwx/data/git/rl_deploy/install/common_msg/include/common_msg/msg/detail/foot_sensor__functions.h
-- Installing: /home/lwx/data/git/rl_deploy/install/common_msg/include/common_msg/msg/detail/motor_state__functions.h
-- Installing: /home/lwx/data/git/rl_deploy/install/common_msg/include/common_msg/msg/detail/bms_state__functions.h
-- Installing: /home/lwx/data/git/rl_deploy/install/common_msg/include/common_msg/msg/detail/motor_state_array__struct.h
-- Installing: /home/lwx/data/git/rl_deploy/install/common_msg/include/common_msg/msg/detail/motor_state__struct.h
-- Installing: /home/lwx/data/git/rl_deploy/install/common_msg/include/common_msg/msg/detail/bms_state__functions.c
-- Installing: /home/lwx/data/git/rl_deploy/install/common_msg/include/common_msg/msg/detail/imu__functions.c
-- Installing: /home/lwx/data/git/rl_deploy/install/common_msg/include/common_msg/msg/detail/imu__type_support.h
-- Installing: /home/lwx/data/git/rl_deploy/install/common_msg/include/common_msg/msg/detail/motor_set__functions.h
-- Installing: /home/lwx/data/git/rl_deploy/install/common_msg/include/common_msg/msg/detail/motor_control_cmd__struct.h
-- Installing: /home/lwx/data/git/rl_deploy/install/common_msg/include/common_msg/msg/detail/low_cmd__struct.h
-- Installing: /home/lwx/data/git/rl_deploy/install/common_msg/include/common_msg/msg/detail/low_state__functions.c
-- Installing: /home/lwx/data/git/rl_deploy/install/common_msg/include/common_msg/msg/detail/motor_state_array__functions.h
-- Installing: /home/lwx/data/git/rl_deploy/install/common_msg/include/common_msg/msg/detail/motor_state__type_support.h
-- Installing: /home/lwx/data/git/rl_deploy/install/common_msg/include/common_msg/msg/detail/imu__struct.h
-- Installing: /home/lwx/data/git/rl_deploy/install/common_msg/include/common_msg/msg/detail/motor_control_array__type_support.h
-- Installing: /home/lwx/data/git/rl_deploy/install/common_msg/include/common_msg/msg/detail/low_state__type_support.h
-- Installing: /home/lwx/data/git/rl_deploy/install/common_msg/include/common_msg/msg/detail/motor_cmd__functions.c
-- Installing: /home/lwx/data/git/rl_deploy/install/common_msg/include/common_msg/msg/detail/motor_state_array__type_support.h
-- Installing: /home/lwx/data/git/rl_deploy/install/common_msg/include/common_msg/msg/motor_state.h
-- Installing: /home/lwx/data/git/rl_deploy/install/common_msg/share/common_msg/environment/library_path.sh
-- Installing: /home/lwx/data/git/rl_deploy/install/common_msg/share/common_msg/environment/library_path.dsv
-- Installing: /home/lwx/data/git/rl_deploy/install/common_msg/lib/libcommon_msg__rosidl_generator_c.so
-- Set runtime path of "/home/lwx/data/git/rl_deploy/install/common_msg/lib/libcommon_msg__rosidl_generator_c.so" to ""
-- Up-to-date: /home/lwx/data/git/rl_deploy/install/common_msg/include/common_msg
-- Up-to-date: /home/lwx/data/git/rl_deploy/install/common_msg/include/common_msg/msg
-- Installing: /home/lwx/data/git/rl_deploy/install/common_msg/include/common_msg/msg/rosidl_typesupport_fastrtps_c__visibility_control.h
-- Up-to-date: /home/lwx/data/git/rl_deploy/install/common_msg/include/common_msg/msg/detail
-- Installing: /home/lwx/data/git/rl_deploy/install/common_msg/include/common_msg/msg/detail/motor_state_array__rosidl_typesupport_fastrtps_c.h
-- Installing: /home/lwx/data/git/rl_deploy/install/common_msg/include/common_msg/msg/detail/foot_sensor__rosidl_typesupport_fastrtps_c.h
-- Installing: /home/lwx/data/git/rl_deploy/install/common_msg/include/common_msg/msg/detail/motor_set__rosidl_typesupport_fastrtps_c.h
-- Installing: /home/lwx/data/git/rl_deploy/install/common_msg/include/common_msg/msg/detail/bms_state__rosidl_typesupport_fastrtps_c.h
-- Installing: /home/lwx/data/git/rl_deploy/install/common_msg/include/common_msg/msg/detail/motor_control_cmd__rosidl_typesupport_fastrtps_c.h
-- Installing: /home/lwx/data/git/rl_deploy/install/common_msg/include/common_msg/msg/detail/low_cmd__rosidl_typesupport_fastrtps_c.h
-- Installing: /home/lwx/data/git/rl_deploy/install/common_msg/include/common_msg/msg/detail/motor_control_array__rosidl_typesupport_fastrtps_c.h
-- Installing: /home/lwx/data/git/rl_deploy/install/common_msg/include/common_msg/msg/detail/motor_cmd__rosidl_typesupport_fastrtps_c.h
-- Installing: /home/lwx/data/git/rl_deploy/install/common_msg/include/common_msg/msg/detail/low_state__rosidl_typesupport_fastrtps_c.h
-- Installing: /home/lwx/data/git/rl_deploy/install/common_msg/include/common_msg/msg/detail/imu__rosidl_typesupport_fastrtps_c.h
-- Installing: /home/lwx/data/git/rl_deploy/install/common_msg/include/common_msg/msg/detail/motor_state__rosidl_typesupport_fastrtps_c.h
-- Installing: /home/lwx/data/git/rl_deploy/install/common_msg/lib/libcommon_msg__rosidl_typesupport_fastrtps_c.so
-- Set runtime path of "/home/lwx/data/git/rl_deploy/install/common_msg/lib/libcommon_msg__rosidl_typesupport_fastrtps_c.so" to ""
-- Up-to-date: /home/lwx/data/git/rl_deploy/install/common_msg/include/common_msg
-- Up-to-date: /home/lwx/data/git/rl_deploy/install/common_msg/include/common_msg/msg
-- Installing: /home/lwx/data/git/rl_deploy/install/common_msg/include/common_msg/msg/rosidl_typesupport_fastrtps_cpp__visibility_control.h
-- Up-to-date: /home/lwx/data/git/rl_deploy/install/common_msg/include/common_msg/msg/detail
-- Installing: /home/lwx/data/git/rl_deploy/install/common_msg/include/common_msg/msg/detail/imu__rosidl_typesupport_fastrtps_cpp.hpp
-- Installing: /home/lwx/data/git/rl_deploy/install/common_msg/include/common_msg/msg/detail/dds_fastrtps
-- Installing: /home/lwx/data/git/rl_deploy/install/common_msg/include/common_msg/msg/detail/motor_state__rosidl_typesupport_fastrtps_cpp.hpp
-- Installing: /home/lwx/data/git/rl_deploy/install/common_msg/include/common_msg/msg/detail/low_state__rosidl_typesupport_fastrtps_cpp.hpp
-- Installing: /home/lwx/data/git/rl_deploy/install/common_msg/include/common_msg/msg/detail/motor_cmd__rosidl_typesupport_fastrtps_cpp.hpp
-- Installing: /home/lwx/data/git/rl_deploy/install/common_msg/include/common_msg/msg/detail/foot_sensor__rosidl_typesupport_fastrtps_cpp.hpp
-- Installing: /home/lwx/data/git/rl_deploy/install/common_msg/include/common_msg/msg/detail/motor_control_cmd__rosidl_typesupport_fastrtps_cpp.hpp
-- Installing: /home/lwx/data/git/rl_deploy/install/common_msg/include/common_msg/msg/detail/low_cmd__rosidl_typesupport_fastrtps_cpp.hpp
-- Installing: /home/lwx/data/git/rl_deploy/install/common_msg/include/common_msg/msg/detail/motor_control_array__rosidl_typesupport_fastrtps_cpp.hpp
-- Installing: /home/lwx/data/git/rl_deploy/install/common_msg/include/common_msg/msg/detail/motor_set__rosidl_typesupport_fastrtps_cpp.hpp
-- Installing: /home/lwx/data/git/rl_deploy/install/common_msg/include/common_msg/msg/detail/motor_state_array__rosidl_typesupport_fastrtps_cpp.hpp
-- Installing: /home/lwx/data/git/rl_deploy/install/common_msg/include/common_msg/msg/detail/bms_state__rosidl_typesupport_fastrtps_cpp.hpp
-- Installing: /home/lwx/data/git/rl_deploy/install/common_msg/lib/libcommon_msg__rosidl_typesupport_fastrtps_cpp.so
-- Set runtime path of "/home/lwx/data/git/rl_deploy/install/common_msg/lib/libcommon_msg__rosidl_typesupport_fastrtps_cpp.so" to ""
-- Up-to-date: /home/lwx/data/git/rl_deploy/install/common_msg/include/common_msg
-- Up-to-date: /home/lwx/data/git/rl_deploy/install/common_msg/include/common_msg/msg
-- Installing: /home/lwx/data/git/rl_deploy/install/common_msg/include/common_msg/msg/rosidl_typesupport_introspection_c__visibility_control.h
-- Up-to-date: /home/lwx/data/git/rl_deploy/install/common_msg/include/common_msg/msg/detail
-- Installing: /home/lwx/data/git/rl_deploy/install/common_msg/include/common_msg/msg/detail/motor_cmd__rosidl_typesupport_introspection_c.h
-- Installing: /home/lwx/data/git/rl_deploy/install/common_msg/include/common_msg/msg/detail/motor_control_array__rosidl_typesupport_introspection_c.h
-- Installing: /home/lwx/data/git/rl_deploy/install/common_msg/include/common_msg/msg/detail/foot_sensor__rosidl_typesupport_introspection_c.h
-- Installing: /home/lwx/data/git/rl_deploy/install/common_msg/include/common_msg/msg/detail/bms_state__type_support.c
-- Installing: /home/lwx/data/git/rl_deploy/install/common_msg/include/common_msg/msg/detail/foot_sensor__type_support.c
-- Installing: /home/lwx/data/git/rl_deploy/install/common_msg/include/common_msg/msg/detail/low_cmd__rosidl_typesupport_introspection_c.h
-- Installing: /home/lwx/data/git/rl_deploy/install/common_msg/include/common_msg/msg/detail/low_cmd__type_support.c
-- Installing: /home/lwx/data/git/rl_deploy/install/common_msg/include/common_msg/msg/detail/motor_control_array__type_support.c
-- Installing: /home/lwx/data/git/rl_deploy/install/common_msg/include/common_msg/msg/detail/motor_control_cmd__type_support.c
-- Installing: /home/lwx/data/git/rl_deploy/install/common_msg/include/common_msg/msg/detail/motor_state__rosidl_typesupport_introspection_c.h
-- Installing: /home/lwx/data/git/rl_deploy/install/common_msg/include/common_msg/msg/detail/motor_set__rosidl_typesupport_introspection_c.h
-- Installing: /home/lwx/data/git/rl_deploy/install/common_msg/include/common_msg/msg/detail/motor_state_array__rosidl_typesupport_introspection_c.h
-- Installing: /home/lwx/data/git/rl_deploy/install/common_msg/include/common_msg/msg/detail/imu__type_support.c
-- Installing: /home/lwx/data/git/rl_deploy/install/common_msg/include/common_msg/msg/detail/imu__rosidl_typesupport_introspection_c.h
-- Installing: /home/lwx/data/git/rl_deploy/install/common_msg/include/common_msg/msg/detail/motor_set__type_support.c
-- Installing: /home/lwx/data/git/rl_deploy/install/common_msg/include/common_msg/msg/detail/motor_cmd__type_support.c
-- Installing: /home/lwx/data/git/rl_deploy/install/common_msg/include/common_msg/msg/detail/motor_control_cmd__rosidl_typesupport_introspection_c.h
-- Installing: /home/lwx/data/git/rl_deploy/install/common_msg/include/common_msg/msg/detail/motor_state_array__type_support.c
-- Installing: /home/lwx/data/git/rl_deploy/install/common_msg/include/common_msg/msg/detail/low_state__rosidl_typesupport_introspection_c.h
-- Installing: /home/lwx/data/git/rl_deploy/install/common_msg/include/common_msg/msg/detail/low_state__type_support.c
-- Installing: /home/lwx/data/git/rl_deploy/install/common_msg/include/common_msg/msg/detail/motor_state__type_support.c
-- Installing: /home/lwx/data/git/rl_deploy/install/common_msg/include/common_msg/msg/detail/bms_state__rosidl_typesupport_introspection_c.h
-- Installing: /home/lwx/data/git/rl_deploy/install/common_msg/lib/libcommon_msg__rosidl_typesupport_introspection_c.so
-- Set runtime path of "/home/lwx/data/git/rl_deploy/install/common_msg/lib/libcommon_msg__rosidl_typesupport_introspection_c.so" to ""
-- Installing: /home/lwx/data/git/rl_deploy/install/common_msg/lib/libcommon_msg__rosidl_typesupport_c.so
-- Set runtime path of "/home/lwx/data/git/rl_deploy/install/common_msg/lib/libcommon_msg__rosidl_typesupport_c.so" to ""
-- Up-to-date: /home/lwx/data/git/rl_deploy/install/common_msg/include/common_msg
-- Up-to-date: /home/lwx/data/git/rl_deploy/install/common_msg/include/common_msg/msg
-- Installing: /home/lwx/data/git/rl_deploy/install/common_msg/include/common_msg/msg/bms_state.hpp
-- Installing: /home/lwx/data/git/rl_deploy/install/common_msg/include/common_msg/msg/motor_state.hpp
-- Installing: /home/lwx/data/git/rl_deploy/install/common_msg/include/common_msg/msg/motor_state_array.hpp
-- Installing: /home/lwx/data/git/rl_deploy/install/common_msg/include/common_msg/msg/motor_control_array.hpp
-- Installing: /home/lwx/data/git/rl_deploy/install/common_msg/include/common_msg/msg/imu.hpp
-- Installing: /home/lwx/data/git/rl_deploy/install/common_msg/include/common_msg/msg/motor_cmd.hpp
-- Installing: /home/lwx/data/git/rl_deploy/install/common_msg/include/common_msg/msg/low_cmd.hpp
-- Installing: /home/lwx/data/git/rl_deploy/install/common_msg/include/common_msg/msg/motor_set.hpp
-- Installing: /home/lwx/data/git/rl_deploy/install/common_msg/include/common_msg/msg/foot_sensor.hpp
-- Installing: /home/lwx/data/git/rl_deploy/install/common_msg/include/common_msg/msg/low_state.hpp
-- Installing: /home/lwx/data/git/rl_deploy/install/common_msg/include/common_msg/msg/motor_control_cmd.hpp
-- Installing: /home/lwx/data/git/rl_deploy/install/common_msg/include/common_msg/msg/rosidl_generator_cpp__visibility_control.hpp
-- Up-to-date: /home/lwx/data/git/rl_deploy/install/common_msg/include/common_msg/msg/detail
-- Installing: /home/lwx/data/git/rl_deploy/install/common_msg/include/common_msg/msg/detail/motor_control_array__struct.hpp
-- Installing: /home/lwx/data/git/rl_deploy/install/common_msg/include/common_msg/msg/detail/motor_set__type_support.hpp
-- Installing: /home/lwx/data/git/rl_deploy/install/common_msg/include/common_msg/msg/detail/bms_state__traits.hpp
-- Installing: /home/lwx/data/git/rl_deploy/install/common_msg/include/common_msg/msg/detail/motor_state__traits.hpp
-- Installing: /home/lwx/data/git/rl_deploy/install/common_msg/include/common_msg/msg/detail/motor_state_array__type_support.hpp
-- Installing: /home/lwx/data/git/rl_deploy/install/common_msg/include/common_msg/msg/detail/bms_state__type_support.hpp
-- Installing: /home/lwx/data/git/rl_deploy/install/common_msg/include/common_msg/msg/detail/low_state__struct.hpp
-- Installing: /home/lwx/data/git/rl_deploy/install/common_msg/include/common_msg/msg/detail/foot_sensor__builder.hpp
-- Installing: /home/lwx/data/git/rl_deploy/install/common_msg/include/common_msg/msg/detail/motor_set__traits.hpp
-- Installing: /home/lwx/data/git/rl_deploy/install/common_msg/include/common_msg/msg/detail/foot_sensor__traits.hpp
-- Installing: /home/lwx/data/git/rl_deploy/install/common_msg/include/common_msg/msg/detail/motor_state_array__builder.hpp
-- Installing: /home/lwx/data/git/rl_deploy/install/common_msg/include/common_msg/msg/detail/foot_sensor__struct.hpp
-- Installing: /home/lwx/data/git/rl_deploy/install/common_msg/include/common_msg/msg/detail/motor_control_array__type_support.hpp
-- Installing: /home/lwx/data/git/rl_deploy/install/common_msg/include/common_msg/msg/detail/motor_cmd__struct.hpp
-- Installing: /home/lwx/data/git/rl_deploy/install/common_msg/include/common_msg/msg/detail/motor_state__builder.hpp
-- Installing: /home/lwx/data/git/rl_deploy/install/common_msg/include/common_msg/msg/detail/low_cmd__traits.hpp
-- Installing: /home/lwx/data/git/rl_deploy/install/common_msg/include/common_msg/msg/detail/motor_control_cmd__builder.hpp
-- Installing: /home/lwx/data/git/rl_deploy/install/common_msg/include/common_msg/msg/detail/imu__type_support.hpp
-- Installing: /home/lwx/data/git/rl_deploy/install/common_msg/include/common_msg/msg/detail/low_cmd__builder.hpp
-- Installing: /home/lwx/data/git/rl_deploy/install/common_msg/include/common_msg/msg/detail/motor_control_array__builder.hpp
-- Installing: /home/lwx/data/git/rl_deploy/install/common_msg/include/common_msg/msg/detail/low_cmd__type_support.hpp
-- Installing: /home/lwx/data/git/rl_deploy/install/common_msg/include/common_msg/msg/detail/bms_state__builder.hpp
-- Installing: /home/lwx/data/git/rl_deploy/install/common_msg/include/common_msg/msg/detail/foot_sensor__type_support.hpp
-- Installing: /home/lwx/data/git/rl_deploy/install/common_msg/include/common_msg/msg/detail/motor_control_cmd__traits.hpp
-- Installing: /home/lwx/data/git/rl_deploy/install/common_msg/include/common_msg/msg/detail/low_state__builder.hpp
-- Installing: /home/lwx/data/git/rl_deploy/install/common_msg/include/common_msg/msg/detail/motor_control_cmd__type_support.hpp
-- Installing: /home/lwx/data/git/rl_deploy/install/common_msg/include/common_msg/msg/detail/motor_control_cmd__struct.hpp
-- Installing: /home/lwx/data/git/rl_deploy/install/common_msg/include/common_msg/msg/detail/motor_state__struct.hpp
-- Installing: /home/lwx/data/git/rl_deploy/install/common_msg/include/common_msg/msg/detail/low_cmd__struct.hpp
-- Installing: /home/lwx/data/git/rl_deploy/install/common_msg/include/common_msg/msg/detail/low_state__type_support.hpp
-- Installing: /home/lwx/data/git/rl_deploy/install/common_msg/include/common_msg/msg/detail/motor_state__type_support.hpp
-- Installing: /home/lwx/data/git/rl_deploy/install/common_msg/include/common_msg/msg/detail/motor_cmd__type_support.hpp
-- Installing: /home/lwx/data/git/rl_deploy/install/common_msg/include/common_msg/msg/detail/motor_state_array__struct.hpp
-- Installing: /home/lwx/data/git/rl_deploy/install/common_msg/include/common_msg/msg/detail/bms_state__struct.hpp
-- Installing: /home/lwx/data/git/rl_deploy/install/common_msg/include/common_msg/msg/detail/motor_cmd__traits.hpp
-- Installing: /home/lwx/data/git/rl_deploy/install/common_msg/include/common_msg/msg/detail/imu__builder.hpp
-- Installing: /home/lwx/data/git/rl_deploy/install/common_msg/include/common_msg/msg/detail/motor_cmd__builder.hpp
-- Installing: /home/lwx/data/git/rl_deploy/install/common_msg/include/common_msg/msg/detail/motor_set__struct.hpp
-- Installing: /home/lwx/data/git/rl_deploy/install/common_msg/include/common_msg/msg/detail/motor_control_array__traits.hpp
-- Installing: /home/lwx/data/git/rl_deploy/install/common_msg/include/common_msg/msg/detail/imu__struct.hpp
-- Installing: /home/lwx/data/git/rl_deploy/install/common_msg/include/common_msg/msg/detail/imu__traits.hpp
-- Installing: /home/lwx/data/git/rl_deploy/install/common_msg/include/common_msg/msg/detail/motor_set__builder.hpp
-- Installing: /home/lwx/data/git/rl_deploy/install/common_msg/include/common_msg/msg/detail/low_state__traits.hpp
-- Installing: /home/lwx/data/git/rl_deploy/install/common_msg/include/common_msg/msg/detail/motor_state_array__traits.hpp
-- Up-to-date: /home/lwx/data/git/rl_deploy/install/common_msg/include/common_msg
-- Up-to-date: /home/lwx/data/git/rl_deploy/install/common_msg/include/common_msg/msg
-- Up-to-date: /home/lwx/data/git/rl_deploy/install/common_msg/include/common_msg/msg/detail
-- Installing: /home/lwx/data/git/rl_deploy/install/common_msg/include/common_msg/msg/detail/motor_control_cmd__rosidl_typesupport_introspection_cpp.hpp
-- Installing: /home/lwx/data/git/rl_deploy/install/common_msg/include/common_msg/msg/detail/low_state__rosidl_typesupport_introspection_cpp.hpp
-- Installing: /home/lwx/data/git/rl_deploy/install/common_msg/include/common_msg/msg/detail/motor_state_array__type_support.cpp
-- Installing: /home/lwx/data/git/rl_deploy/install/common_msg/include/common_msg/msg/detail/bms_state__rosidl_typesupport_introspection_cpp.hpp
-- Installing: /home/lwx/data/git/rl_deploy/install/common_msg/include/common_msg/msg/detail/imu__type_support.cpp
-- Installing: /home/lwx/data/git/rl_deploy/install/common_msg/include/common_msg/msg/detail/foot_sensor__rosidl_typesupport_introspection_cpp.hpp
-- Installing: /home/lwx/data/git/rl_deploy/install/common_msg/include/common_msg/msg/detail/motor_state__rosidl_typesupport_introspection_cpp.hpp
-- Installing: /home/lwx/data/git/rl_deploy/install/common_msg/include/common_msg/msg/detail/foot_sensor__type_support.cpp
-- Installing: /home/lwx/data/git/rl_deploy/install/common_msg/include/common_msg/msg/detail/motor_set__type_support.cpp
-- Installing: /home/lwx/data/git/rl_deploy/install/common_msg/include/common_msg/msg/detail/motor_control_cmd__type_support.cpp
-- Installing: /home/lwx/data/git/rl_deploy/install/common_msg/include/common_msg/msg/detail/motor_control_array__type_support.cpp
-- Installing: /home/lwx/data/git/rl_deploy/install/common_msg/include/common_msg/msg/detail/bms_state__type_support.cpp
-- Installing: /home/lwx/data/git/rl_deploy/install/common_msg/include/common_msg/msg/detail/motor_control_array__rosidl_typesupport_introspection_cpp.hpp
-- Installing: /home/lwx/data/git/rl_deploy/install/common_msg/include/common_msg/msg/detail/motor_cmd__type_support.cpp
-- Installing: /home/lwx/data/git/rl_deploy/install/common_msg/include/common_msg/msg/detail/motor_state__type_support.cpp
-- Installing: /home/lwx/data/git/rl_deploy/install/common_msg/include/common_msg/msg/detail/low_cmd__type_support.cpp
-- Installing: /home/lwx/data/git/rl_deploy/install/common_msg/include/common_msg/msg/detail/motor_set__rosidl_typesupport_introspection_cpp.hpp
-- Installing: /home/lwx/data/git/rl_deploy/install/common_msg/include/common_msg/msg/detail/motor_cmd__rosidl_typesupport_introspection_cpp.hpp
-- Installing: /home/lwx/data/git/rl_deploy/install/common_msg/include/common_msg/msg/detail/low_cmd__rosidl_typesupport_introspection_cpp.hpp
-- Installing: /home/lwx/data/git/rl_deploy/install/common_msg/include/common_msg/msg/detail/motor_state_array__rosidl_typesupport_introspection_cpp.hpp
-- Installing: /home/lwx/data/git/rl_deploy/install/common_msg/include/common_msg/msg/detail/imu__rosidl_typesupport_introspection_cpp.hpp
-- Installing: /home/lwx/data/git/rl_deploy/install/common_msg/include/common_msg/msg/detail/low_state__type_support.cpp
-- Installing: /home/lwx/data/git/rl_deploy/install/common_msg/lib/libcommon_msg__rosidl_typesupport_introspection_cpp.so
-- Set runtime path of "/home/lwx/data/git/rl_deploy/install/common_msg/lib/libcommon_msg__rosidl_typesupport_introspection_cpp.so" to ""
-- Installing: /home/lwx/data/git/rl_deploy/install/common_msg/lib/libcommon_msg__rosidl_typesupport_cpp.so
-- Set runtime path of "/home/lwx/data/git/rl_deploy/install/common_msg/lib/libcommon_msg__rosidl_typesupport_cpp.so" to ""
-- Installing: /home/lwx/data/git/rl_deploy/install/common_msg/share/common_msg/environment/pythonpath.sh
-- Installing: /home/lwx/data/git/rl_deploy/install/common_msg/share/common_msg/environment/pythonpath.dsv
-- Installing: /home/lwx/data/git/rl_deploy/install/common_msg/lib/python3.8/site-packages/common_msg/__init__.py
Compiling '/home/lwx/data/git/rl_deploy/install/common_msg/lib/python3.8/site-packages/common_msg/__init__.py'...
-- Installing: /home/lwx/data/git/rl_deploy/install/common_msg/lib/python3.8/site-packages/common_msg/msg
-- Installing: /home/lwx/data/git/rl_deploy/install/common_msg/lib/python3.8/site-packages/common_msg/msg/_foot_sensor_s.c
-- Installing: /home/lwx/data/git/rl_deploy/install/common_msg/lib/python3.8/site-packages/common_msg/msg/_low_state_s.c
-- Installing: /home/lwx/data/git/rl_deploy/install/common_msg/lib/python3.8/site-packages/common_msg/msg/_motor_control_array_s.c
-- Installing: /home/lwx/data/git/rl_deploy/install/common_msg/lib/python3.8/site-packages/common_msg/msg/_motor_control_cmd_s.c
-- Installing: /home/lwx/data/git/rl_deploy/install/common_msg/lib/python3.8/site-packages/common_msg/msg/_low_cmd.py
-- Installing: /home/lwx/data/git/rl_deploy/install/common_msg/lib/python3.8/site-packages/common_msg/msg/_motor_control_cmd.py
-- Installing: /home/lwx/data/git/rl_deploy/install/common_msg/lib/python3.8/site-packages/common_msg/msg/_motor_cmd_s.c
-- Installing: /home/lwx/data/git/rl_deploy/install/common_msg/lib/python3.8/site-packages/common_msg/msg/_motor_state.py
-- Installing: /home/lwx/data/git/rl_deploy/install/common_msg/lib/python3.8/site-packages/common_msg/msg/_imu.py
-- Installing: /home/lwx/data/git/rl_deploy/install/common_msg/lib/python3.8/site-packages/common_msg/msg/_low_cmd_s.c
-- Installing: /home/lwx/data/git/rl_deploy/install/common_msg/lib/python3.8/site-packages/common_msg/msg/_bms_state.py
-- Installing: /home/lwx/data/git/rl_deploy/install/common_msg/lib/python3.8/site-packages/common_msg/msg/_motor_set_s.c
-- Installing: /home/lwx/data/git/rl_deploy/install/common_msg/lib/python3.8/site-packages/common_msg/msg/_motor_control_array.py
-- Installing: /home/lwx/data/git/rl_deploy/install/common_msg/lib/python3.8/site-packages/common_msg/msg/_motor_state_array.py
-- Installing: /home/lwx/data/git/rl_deploy/install/common_msg/lib/python3.8/site-packages/common_msg/msg/_bms_state_s.c
-- Installing: /home/lwx/data/git/rl_deploy/install/common_msg/lib/python3.8/site-packages/common_msg/msg/_motor_state_array_s.c
-- Installing: /home/lwx/data/git/rl_deploy/install/common_msg/lib/python3.8/site-packages/common_msg/msg/_motor_state_s.c
-- Installing: /home/lwx/data/git/rl_deploy/install/common_msg/lib/python3.8/site-packages/common_msg/msg/_foot_sensor.py
-- Installing: /home/lwx/data/git/rl_deploy/install/common_msg/lib/python3.8/site-packages/common_msg/msg/_imu_s.c
-- Installing: /home/lwx/data/git/rl_deploy/install/common_msg/lib/python3.8/site-packages/common_msg/msg/__init__.py
-- Installing: /home/lwx/data/git/rl_deploy/install/common_msg/lib/python3.8/site-packages/common_msg/msg/_motor_set.py
-- Installing: /home/lwx/data/git/rl_deploy/install/common_msg/lib/python3.8/site-packages/common_msg/msg/_motor_cmd.py
-- Installing: /home/lwx/data/git/rl_deploy/install/common_msg/lib/python3.8/site-packages/common_msg/msg/_low_state.py
-- Installing: /home/lwx/data/git/rl_deploy/install/common_msg/lib/python3.8/site-packages/common_msg/common_msg_s__rosidl_typesupport_fastrtps_c.cpython-38-x86_64-linux-gnu.so
-- Set runtime path of "/home/lwx/data/git/rl_deploy/install/common_msg/lib/python3.8/site-packages/common_msg/common_msg_s__rosidl_typesupport_fastrtps_c.cpython-38-x86_64-linux-gnu.so" to ""
-- Installing: /home/lwx/data/git/rl_deploy/install/common_msg/lib/python3.8/site-packages/common_msg/common_msg_s__rosidl_typesupport_introspection_c.cpython-38-x86_64-linux-gnu.so
-- Set runtime path of "/home/lwx/data/git/rl_deploy/install/common_msg/lib/python3.8/site-packages/common_msg/common_msg_s__rosidl_typesupport_introspection_c.cpython-38-x86_64-linux-gnu.so" to ""
-- Installing: /home/lwx/data/git/rl_deploy/install/common_msg/lib/python3.8/site-packages/common_msg/common_msg_s__rosidl_typesupport_c.cpython-38-x86_64-linux-gnu.so
-- Set runtime path of "/home/lwx/data/git/rl_deploy/install/common_msg/lib/python3.8/site-packages/common_msg/common_msg_s__rosidl_typesupport_c.cpython-38-x86_64-linux-gnu.so" to ""
-- Installing: /home/lwx/data/git/rl_deploy/install/common_msg/lib/libcommon_msg__python.so
-- Set runtime path of "/home/lwx/data/git/rl_deploy/install/common_msg/lib/libcommon_msg__python.so" to ""
-- Installing: /home/lwx/data/git/rl_deploy/install/common_msg/share/common_msg/msg/LowCmd.idl
-- Installing: /home/lwx/data/git/rl_deploy/install/common_msg/share/common_msg/msg/MotorCmd.idl
-- Installing: /home/lwx/data/git/rl_deploy/install/common_msg/share/common_msg/msg/MotorControlCmd.idl
-- Installing: /home/lwx/data/git/rl_deploy/install/common_msg/share/common_msg/msg/MotorControlArray.idl
-- Installing: /home/lwx/data/git/rl_deploy/install/common_msg/share/common_msg/msg/MotorState.idl
-- Installing: /home/lwx/data/git/rl_deploy/install/common_msg/share/common_msg/msg/LowState.idl
-- Installing: /home/lwx/data/git/rl_deploy/install/common_msg/share/common_msg/msg/MotorSet.idl
-- Installing: /home/lwx/data/git/rl_deploy/install/common_msg/share/common_msg/msg/MotorStateArray.idl
-- Installing: /home/lwx/data/git/rl_deploy/install/common_msg/share/common_msg/msg/BmsState.idl
-- Installing: /home/lwx/data/git/rl_deploy/install/common_msg/share/common_msg/msg/Imu.idl
-- Installing: /home/lwx/data/git/rl_deploy/install/common_msg/share/common_msg/msg/FootSensor.idl
-- Installing: /home/lwx/data/git/rl_deploy/install/common_msg/share/common_msg/msg/LowCmd.msg
-- Installing: /home/lwx/data/git/rl_deploy/install/common_msg/share/common_msg/msg/MotorCmd.msg
-- Installing: /home/lwx/data/git/rl_deploy/install/common_msg/share/common_msg/msg/MotorControlCmd.msg
-- Installing: /home/lwx/data/git/rl_deploy/install/common_msg/share/common_msg/msg/MotorControlArray.msg
-- Installing: /home/lwx/data/git/rl_deploy/install/common_msg/share/common_msg/msg/MotorState.msg
-- Installing: /home/lwx/data/git/rl_deploy/install/common_msg/share/common_msg/msg/LowState.msg
-- Installing: /home/lwx/data/git/rl_deploy/install/common_msg/share/common_msg/msg/MotorSet.msg
-- Installing: /home/lwx/data/git/rl_deploy/install/common_msg/share/common_msg/msg/MotorStateArray.msg
-- Installing: /home/lwx/data/git/rl_deploy/install/common_msg/share/common_msg/msg/BmsState.msg
-- Installing: /home/lwx/data/git/rl_deploy/install/common_msg/share/common_msg/msg/Imu.msg
-- Installing: /home/lwx/data/git/rl_deploy/install/common_msg/share/common_msg/msg/FootSensor.msg
-- Installing: /home/lwx/data/git/rl_deploy/install/common_msg/share/ament_index/resource_index/package_run_dependencies/common_msg
-- Installing: /home/lwx/data/git/rl_deploy/install/common_msg/share/ament_index/resource_index/parent_prefix_path/common_msg
-- Installing: /home/lwx/data/git/rl_deploy/install/common_msg/share/common_msg/environment/ament_prefix_path.sh
-- Installing: /home/lwx/data/git/rl_deploy/install/common_msg/share/common_msg/environment/ament_prefix_path.dsv
-- Installing: /home/lwx/data/git/rl_deploy/install/common_msg/share/common_msg/environment/path.sh
-- Installing: /home/lwx/data/git/rl_deploy/install/common_msg/share/common_msg/environment/path.dsv
-- Installing: /home/lwx/data/git/rl_deploy/install/common_msg/share/common_msg/local_setup.bash
-- Installing: /home/lwx/data/git/rl_deploy/install/common_msg/share/common_msg/local_setup.sh
-- Installing: /home/lwx/data/git/rl_deploy/install/common_msg/share/common_msg/local_setup.zsh
-- Installing: /home/lwx/data/git/rl_deploy/install/common_msg/share/common_msg/local_setup.dsv
-- Installing: /home/lwx/data/git/rl_deploy/install/common_msg/share/common_msg/package.dsv
-- Installing: /home/lwx/data/git/rl_deploy/install/common_msg/share/ament_index/resource_index/packages/common_msg
-- Installing: /home/lwx/data/git/rl_deploy/install/common_msg/share/common_msg/cmake/common_msg__rosidl_generator_cExport.cmake
-- Installing: /home/lwx/data/git/rl_deploy/install/common_msg/share/common_msg/cmake/common_msg__rosidl_generator_cExport-noconfig.cmake
-- Installing: /home/lwx/data/git/rl_deploy/install/common_msg/share/common_msg/cmake/common_msg__rosidl_typesupport_introspection_cExport.cmake
-- Installing: /home/lwx/data/git/rl_deploy/install/common_msg/share/common_msg/cmake/common_msg__rosidl_typesupport_introspection_cExport-noconfig.cmake
-- Installing: /home/lwx/data/git/rl_deploy/install/common_msg/share/common_msg/cmake/common_msg__rosidl_typesupport_cExport.cmake
-- Installing: /home/lwx/data/git/rl_deploy/install/common_msg/share/common_msg/cmake/common_msg__rosidl_typesupport_cExport-noconfig.cmake
-- Installing: /home/lwx/data/git/rl_deploy/install/common_msg/share/common_msg/cmake/common_msg__rosidl_generator_cppExport.cmake
-- Installing: /home/lwx/data/git/rl_deploy/install/common_msg/share/common_msg/cmake/common_msg__rosidl_typesupport_introspection_cppExport.cmake
-- Installing: /home/lwx/data/git/rl_deploy/install/common_msg/share/common_msg/cmake/common_msg__rosidl_typesupport_introspection_cppExport-noconfig.cmake
-- Installing: /home/lwx/data/git/rl_deploy/install/common_msg/share/common_msg/cmake/common_msg__rosidl_typesupport_cppExport.cmake
-- Installing: /home/lwx/data/git/rl_deploy/install/common_msg/share/common_msg/cmake/common_msg__rosidl_typesupport_cppExport-noconfig.cmake
-- Installing: /home/lwx/data/git/rl_deploy/install/common_msg/share/common_msg/cmake/rosidl_cmake-extras.cmake
-- Installing: /home/lwx/data/git/rl_deploy/install/common_msg/share/common_msg/cmake/ament_cmake_export_dependencies-extras.cmake
-- Installing: /home/lwx/data/git/rl_deploy/install/common_msg/share/common_msg/cmake/ament_cmake_export_libraries-extras.cmake
-- Installing: /home/lwx/data/git/rl_deploy/install/common_msg/share/common_msg/cmake/ament_cmake_export_targets-extras.cmake
-- Installing: /home/lwx/data/git/rl_deploy/install/common_msg/share/common_msg/cmake/ament_cmake_export_include_directories-extras.cmake
-- Installing: /home/lwx/data/git/rl_deploy/install/common_msg/share/common_msg/cmake/rosidl_cmake_export_typesupport_libraries-extras.cmake
-- Installing: /home/lwx/data/git/rl_deploy/install/common_msg/share/common_msg/cmake/rosidl_cmake_export_typesupport_targets-extras.cmake
-- Installing: /home/lwx/data/git/rl_deploy/install/common_msg/share/common_msg/cmake/common_msgConfig.cmake
-- Installing: /home/lwx/data/git/rl_deploy/install/common_msg/share/common_msg/cmake/common_msgConfig-version.cmake
-- Installing: /home/lwx/data/git/rl_deploy/install/common_msg/share/common_msg/package.xml
