[0.055s] Invoking command in '/home/lwx/data/git/rl_deploy/build/common_msg': CMAKE_PREFIX_PATH=/opt/ros/foxy /usr/bin/cmake /home/lwx/data/git/rl_deploy/src/common_msg -DCMAKE_INSTALL_PREFIX=/home/lwx/data/git/rl_deploy/install/common_msg
[0.080s] -- The C compiler identification is GNU 11.4.0
[0.107s] -- The CXX compiler identification is GNU 11.4.0
[0.109s] -- Check for working C compiler: /usr/bin/cc
[0.138s] -- Check for working C compiler: /usr/bin/cc -- works
[0.139s] -- Detecting C compiler ABI info
[0.169s] -- Detecting C compiler ABI info - done
[0.175s] -- Detecting C compile features
[0.175s] -- Detecting C compile features - done
[0.176s] -- Check for working CXX compiler: /usr/bin/c++
[0.212s] -- Check for working CXX compiler: /usr/bin/c++ -- works
[0.212s] -- Detecting CXX compiler ABI info
[0.248s] -- Detecting CXX compiler ABI info - done
[0.253s] -- Detecting CXX compile features
[0.254s] -- Detecting CXX compile features - done
[0.254s] -- Found ament_cmake: 0.9.12 (/opt/ros/foxy/share/ament_cmake/cmake)
[0.266s] -- Found PythonInterp: /usr/bin/python3 (found suitable version "3.8.10", minimum required is "3") 
[0.266s] -- Using PYTHON_EXECUTABLE: /usr/bin/python3
[0.351s] -- Found geometry_msgs: 2.0.5 (/opt/ros/foxy/share/geometry_msgs/cmake)
[0.365s] -- Using all available rosidl_typesupport_c: rosidl_typesupport_fastrtps_c;rosidl_typesupport_introspection_c
[0.368s] -- Found rosidl_adapter: 1.3.1 (/opt/ros/foxy/share/rosidl_adapter/cmake)
[0.404s] -- Found OpenSSL: /usr/lib/x86_64-linux-gnu/libcrypto.so (found version "1.1.1f")  
[0.419s] -- Found FastRTPS: /opt/ros/foxy/include  
[0.456s] -- Using all available rosidl_typesupport_cpp: rosidl_typesupport_fastrtps_cpp;rosidl_typesupport_introspection_cpp
[0.496s] -- Found rosidl_default_generators: 1.0.1 (/opt/ros/foxy/share/rosidl_default_generators/cmake)
[0.501s] -- Found ament_lint_auto: 0.9.8 (/opt/ros/foxy/share/ament_lint_auto/cmake)
[0.545s] -- Found PythonInterp: /usr/bin/python3 (found version "3.8.10") 
[0.625s] -- Found ament_cmake_ros: 0.9.2 (/opt/ros/foxy/share/ament_cmake_ros/cmake)
[0.735s] -- Using all available rosidl_typesupport_c: rosidl_typesupport_fastrtps_c;rosidl_typesupport_introspection_c
[0.783s] -- Using all available rosidl_typesupport_cpp: rosidl_typesupport_fastrtps_cpp;rosidl_typesupport_introspection_cpp
[0.795s] -- Found PythonInterp: /usr/bin/python3 (found suitable version "3.8.10", minimum required is "3.5") 
[0.796s] -- Found python_cmake_module: 0.8.1 (/opt/ros/foxy/share/python_cmake_module/cmake)
[0.808s] -- Found PythonLibs: /usr/lib/x86_64-linux-gnu/libpython3.8.so (found suitable version "3.8.10", minimum required is "3.5") 
[0.808s] -- Using PYTHON_EXECUTABLE: /usr/bin/python3
[0.809s] -- Using PYTHON_INCLUDE_DIRS: /usr/include/python3.8
[0.809s] -- Using PYTHON_LIBRARIES: /usr/lib/x86_64-linux-gnu/libpython3.8.so
[0.818s] -- Found PythonExtra: .so  
[0.855s] -- Added test 'copyright' to check source files copyright and LICENSE
[0.855s] -- Added test 'lint_cmake' to check CMake code style
[0.856s] -- Added test 'xmllint' to check XML markup files
[0.858s] -- Configuring done
[0.890s] -- Generating done
[0.891s] -- Build files have been written to: /home/lwx/data/git/rl_deploy/build/common_msg
[0.896s] Invoked command in '/home/lwx/data/git/rl_deploy/build/common_msg' returned '0': CMAKE_PREFIX_PATH=/opt/ros/foxy /usr/bin/cmake /home/lwx/data/git/rl_deploy/src/common_msg -DCMAKE_INSTALL_PREFIX=/home/lwx/data/git/rl_deploy/install/common_msg
[0.897s] Invoking command in '/home/lwx/data/git/rl_deploy/build/common_msg': CMAKE_PREFIX_PATH=/opt/ros/foxy /usr/bin/cmake --build /home/lwx/data/git/rl_deploy/build/common_msg -- -j20 -l20
[0.918s] [  1%] [34m[1mGenerating C code for ROS interfaces[0m
[0.918s] [35m[1mScanning dependencies of target common_msg__cpp[0m
[0.923s] [  1%] [34m[1mGenerating C++ code for ROS interfaces[0m
[1.248s] [  1%] Built target common_msg__cpp
[1.256s] [  1%] [34m[1mGenerating C++ type support for eProsima Fast-RTPS[0m
[1.258s] [  2%] [34m[1mGenerating C++ introspection for ROS interfaces[0m
[1.258s] [  3%] [34m[1mGenerating C++ type support dispatch for ROS interfaces[0m
[1.276s] [35m[1mScanning dependencies of target common_msg__rosidl_generator_c[0m
[1.283s] [  5%] [32mBuilding C object CMakeFiles/common_msg__rosidl_generator_c.dir/rosidl_generator_c/common_msg/msg/detail/motor_control_array__functions.c.o[0m
[1.283s] [  5%] [32mBuilding C object CMakeFiles/common_msg__rosidl_generator_c.dir/rosidl_generator_c/common_msg/msg/detail/low_cmd__functions.c.o[0m
[1.284s] [  6%] [32mBuilding C object CMakeFiles/common_msg__rosidl_generator_c.dir/rosidl_generator_c/common_msg/msg/detail/foot_sensor__functions.c.o[0m
[1.285s] [  7%] [32mBuilding C object CMakeFiles/common_msg__rosidl_generator_c.dir/rosidl_generator_c/common_msg/msg/detail/motor_state__functions.c.o[0m
[1.286s] [  9%] [32mBuilding C object CMakeFiles/common_msg__rosidl_generator_c.dir/rosidl_generator_c/common_msg/msg/detail/motor_cmd__functions.c.o[0m
[1.286s] [  9%] [32mBuilding C object CMakeFiles/common_msg__rosidl_generator_c.dir/rosidl_generator_c/common_msg/msg/detail/motor_control_cmd__functions.c.o[0m
[1.286s] [  9%] [32mBuilding C object CMakeFiles/common_msg__rosidl_generator_c.dir/rosidl_generator_c/common_msg/msg/detail/low_state__functions.c.o[0m
[1.286s] [ 10%] [32mBuilding C object CMakeFiles/common_msg__rosidl_generator_c.dir/rosidl_generator_c/common_msg/msg/detail/motor_state_array__functions.c.o[0m
[1.286s] [ 12%] [32mBuilding C object CMakeFiles/common_msg__rosidl_generator_c.dir/rosidl_generator_c/common_msg/msg/detail/motor_set__functions.c.o[0m
[1.286s] [ 12%] [32mBuilding C object CMakeFiles/common_msg__rosidl_generator_c.dir/rosidl_generator_c/common_msg/msg/detail/bms_state__functions.c.o[0m
[1.286s] [ 13%] [32mBuilding C object CMakeFiles/common_msg__rosidl_generator_c.dir/rosidl_generator_c/common_msg/msg/detail/imu__functions.c.o[0m
[1.318s] [ 14%] [32m[1mLinking C shared library libcommon_msg__rosidl_generator_c.so[0m
[1.336s] [ 14%] Built target common_msg__rosidl_generator_c
[1.341s] [ 16%] [34m[1mGenerating C type support dispatch for ROS interfaces[0m
[1.341s] [ 16%] [34m[1mGenerating C introspection for ROS interfaces[0m
[1.489s] [35m[1mScanning dependencies of target common_msg__rosidl_typesupport_cpp[0m
[1.496s] [ 17%] [32mBuilding CXX object CMakeFiles/common_msg__rosidl_typesupport_cpp.dir/rosidl_typesupport_cpp/common_msg/msg/low_cmd__type_support.cpp.o[0m
[1.498s] [ 18%] [32mBuilding CXX object CMakeFiles/common_msg__rosidl_typesupport_cpp.dir/rosidl_typesupport_cpp/common_msg/msg/motor_state__type_support.cpp.o[0m
[1.498s] [ 18%] [32mBuilding CXX object CMakeFiles/common_msg__rosidl_typesupport_cpp.dir/rosidl_typesupport_cpp/common_msg/msg/motor_state_array__type_support.cpp.o[0m
[1.498s] [ 19%] [32mBuilding CXX object CMakeFiles/common_msg__rosidl_typesupport_cpp.dir/rosidl_typesupport_cpp/common_msg/msg/motor_set__type_support.cpp.o[0m
[1.499s] [ 21%] [32mBuilding CXX object CMakeFiles/common_msg__rosidl_typesupport_cpp.dir/rosidl_typesupport_cpp/common_msg/msg/motor_control_array__type_support.cpp.o[0m
[1.499s] [ 22%] [32mBuilding CXX object CMakeFiles/common_msg__rosidl_typesupport_cpp.dir/rosidl_typesupport_cpp/common_msg/msg/motor_cmd__type_support.cpp.o[0m
[1.499s] [ 22%] [32mBuilding CXX object CMakeFiles/common_msg__rosidl_typesupport_cpp.dir/rosidl_typesupport_cpp/common_msg/msg/motor_control_cmd__type_support.cpp.o[0m
[1.499s] [ 24%] [32mBuilding CXX object CMakeFiles/common_msg__rosidl_typesupport_cpp.dir/rosidl_typesupport_cpp/common_msg/msg/bms_state__type_support.cpp.o[0m
[1.499s] [ 24%] [32mBuilding CXX object CMakeFiles/common_msg__rosidl_typesupport_cpp.dir/rosidl_typesupport_cpp/common_msg/msg/low_state__type_support.cpp.o[0m
[1.499s] [ 25%] [32mBuilding CXX object CMakeFiles/common_msg__rosidl_typesupport_cpp.dir/rosidl_typesupport_cpp/common_msg/msg/imu__type_support.cpp.o[0m
[1.499s] [ 26%] [32mBuilding CXX object CMakeFiles/common_msg__rosidl_typesupport_cpp.dir/rosidl_typesupport_cpp/common_msg/msg/foot_sensor__type_support.cpp.o[0m
[1.558s] [35m[1mScanning dependencies of target common_msg__rosidl_typesupport_introspection_cpp[0m
[1.570s] [ 27%] [32mBuilding CXX object CMakeFiles/common_msg__rosidl_typesupport_introspection_cpp.dir/rosidl_typesupport_introspection_cpp/common_msg/msg/detail/motor_control_array__type_support.cpp.o[0m
[1.571s] [ 28%] [32mBuilding CXX object CMakeFiles/common_msg__rosidl_typesupport_introspection_cpp.dir/rosidl_typesupport_introspection_cpp/common_msg/msg/detail/motor_control_cmd__type_support.cpp.o[0m
[1.571s] [ 29%] [32mBuilding CXX object CMakeFiles/common_msg__rosidl_typesupport_introspection_cpp.dir/rosidl_typesupport_introspection_cpp/common_msg/msg/detail/motor_state__type_support.cpp.o[0m
[1.572s] [ 30%] [32mBuilding CXX object CMakeFiles/common_msg__rosidl_typesupport_introspection_cpp.dir/rosidl_typesupport_introspection_cpp/common_msg/msg/detail/low_cmd__type_support.cpp.o[0m
[1.574s] [ 30%] [32mBuilding CXX object CMakeFiles/common_msg__rosidl_typesupport_introspection_cpp.dir/rosidl_typesupport_introspection_cpp/common_msg/msg/detail/motor_cmd__type_support.cpp.o[0m
[1.579s] [ 31%] [32mBuilding CXX object CMakeFiles/common_msg__rosidl_typesupport_introspection_cpp.dir/rosidl_typesupport_introspection_cpp/common_msg/msg/detail/low_state__type_support.cpp.o[0m
[1.648s] [35m[1mScanning dependencies of target common_msg__rosidl_typesupport_c[0m
[1.659s] [ 33%] [32mBuilding CXX object CMakeFiles/common_msg__rosidl_typesupport_c.dir/rosidl_typesupport_c/common_msg/msg/low_cmd__type_support.cpp.o[0m
[1.660s] [ 33%] [32mBuilding CXX object CMakeFiles/common_msg__rosidl_typesupport_introspection_cpp.dir/rosidl_typesupport_introspection_cpp/common_msg/msg/detail/motor_set__type_support.cpp.o[0m
[1.667s] [ 34%] [32mBuilding CXX object CMakeFiles/common_msg__rosidl_typesupport_introspection_cpp.dir/rosidl_typesupport_introspection_cpp/common_msg/msg/detail/motor_state_array__type_support.cpp.o[0m
[1.676s] [ 35%] [32mBuilding CXX object CMakeFiles/common_msg__rosidl_typesupport_introspection_cpp.dir/rosidl_typesupport_introspection_cpp/common_msg/msg/detail/bms_state__type_support.cpp.o[0m
[1.683s] [ 36%] [32mBuilding CXX object CMakeFiles/common_msg__rosidl_typesupport_introspection_cpp.dir/rosidl_typesupport_introspection_cpp/common_msg/msg/detail/imu__type_support.cpp.o[0m
[1.684s] [ 37%] [32mBuilding CXX object CMakeFiles/common_msg__rosidl_typesupport_c.dir/rosidl_typesupport_c/common_msg/msg/motor_cmd__type_support.cpp.o[0m
[1.705s] [ 37%] [32mBuilding CXX object CMakeFiles/common_msg__rosidl_typesupport_c.dir/rosidl_typesupport_c/common_msg/msg/motor_control_cmd__type_support.cpp.o[0m
[1.706s] [ 38%] [32mBuilding CXX object CMakeFiles/common_msg__rosidl_typesupport_introspection_cpp.dir/rosidl_typesupport_introspection_cpp/common_msg/msg/detail/foot_sensor__type_support.cpp.o[0m
[1.706s] [ 39%] [32mBuilding CXX object CMakeFiles/common_msg__rosidl_typesupport_c.dir/rosidl_typesupport_c/common_msg/msg/motor_control_array__type_support.cpp.o[0m
[1.712s] [ 40%] [32mBuilding CXX object CMakeFiles/common_msg__rosidl_typesupport_c.dir/rosidl_typesupport_c/common_msg/msg/motor_state__type_support.cpp.o[0m
[1.714s] [ 41%] [32mBuilding CXX object CMakeFiles/common_msg__rosidl_typesupport_c.dir/rosidl_typesupport_c/common_msg/msg/low_state__type_support.cpp.o[0m
[1.719s] [ 42%] [32mBuilding CXX object CMakeFiles/common_msg__rosidl_typesupport_c.dir/rosidl_typesupport_c/common_msg/msg/motor_state_array__type_support.cpp.o[0m
[1.721s] [ 43%] [32m[1mLinking CXX shared library libcommon_msg__rosidl_typesupport_cpp.so[0m
[1.731s] [ 44%] [32mBuilding CXX object CMakeFiles/common_msg__rosidl_typesupport_c.dir/rosidl_typesupport_c/common_msg/msg/motor_set__type_support.cpp.o[0m
[1.736s] [ 45%] [32mBuilding CXX object CMakeFiles/common_msg__rosidl_typesupport_c.dir/rosidl_typesupport_c/common_msg/msg/bms_state__type_support.cpp.o[0m
[1.745s] [ 46%] [32mBuilding CXX object CMakeFiles/common_msg__rosidl_typesupport_c.dir/rosidl_typesupport_c/common_msg/msg/imu__type_support.cpp.o[0m
[1.745s] [ 47%] [32mBuilding CXX object CMakeFiles/common_msg__rosidl_typesupport_c.dir/rosidl_typesupport_c/common_msg/msg/foot_sensor__type_support.cpp.o[0m
[1.751s] [35m[1mScanning dependencies of target common_msg__rosidl_typesupport_fastrtps_cpp[0m
[1.759s] [35m[1mScanning dependencies of target common_msg__rosidl_typesupport_introspection_c[0m
[1.766s] [ 48%] [32mBuilding CXX object CMakeFiles/common_msg__rosidl_typesupport_fastrtps_cpp.dir/rosidl_typesupport_fastrtps_cpp/common_msg/msg/detail/dds_fastrtps/motor_cmd__type_support.cpp.o[0m
[1.767s] [ 49%] [32mBuilding CXX object CMakeFiles/common_msg__rosidl_typesupport_fastrtps_cpp.dir/rosidl_typesupport_fastrtps_cpp/common_msg/msg/detail/dds_fastrtps/motor_state_array__type_support.cpp.o[0m
[1.767s] [ 50%] [32mBuilding CXX object CMakeFiles/common_msg__rosidl_typesupport_fastrtps_cpp.dir/rosidl_typesupport_fastrtps_cpp/common_msg/msg/detail/dds_fastrtps/motor_control_array__type_support.cpp.o[0m
[1.767s] [ 51%] [32m[1mLinking CXX shared library libcommon_msg__rosidl_typesupport_c.so[0m
[1.767s] [ 52%] [32mBuilding CXX object CMakeFiles/common_msg__rosidl_typesupport_fastrtps_cpp.dir/rosidl_typesupport_fastrtps_cpp/common_msg/msg/detail/dds_fastrtps/motor_state__type_support.cpp.o[0m
[1.768s] [ 53%] [32mBuilding CXX object CMakeFiles/common_msg__rosidl_typesupport_fastrtps_cpp.dir/rosidl_typesupport_fastrtps_cpp/common_msg/msg/detail/dds_fastrtps/low_cmd__type_support.cpp.o[0m
[1.768s] [ 54%] [32mBuilding CXX object CMakeFiles/common_msg__rosidl_typesupport_fastrtps_cpp.dir/rosidl_typesupport_fastrtps_cpp/common_msg/msg/detail/dds_fastrtps/motor_control_cmd__type_support.cpp.o[0m
[1.771s] [ 54%] Built target common_msg__rosidl_typesupport_cpp
[1.771s] [ 55%] [32mBuilding C object CMakeFiles/common_msg__rosidl_typesupport_introspection_c.dir/rosidl_typesupport_introspection_c/common_msg/msg/detail/low_cmd__type_support.c.o[0m
[1.771s] [ 56%] [32mBuilding CXX object CMakeFiles/common_msg__rosidl_typesupport_fastrtps_cpp.dir/rosidl_typesupport_fastrtps_cpp/common_msg/msg/detail/dds_fastrtps/low_state__type_support.cpp.o[0m
[1.775s] [ 57%] [32mBuilding CXX object CMakeFiles/common_msg__rosidl_typesupport_fastrtps_cpp.dir/rosidl_typesupport_fastrtps_cpp/common_msg/msg/detail/dds_fastrtps/bms_state__type_support.cpp.o[0m
[1.780s] [ 57%] [32mBuilding CXX object CMakeFiles/common_msg__rosidl_typesupport_fastrtps_cpp.dir/rosidl_typesupport_fastrtps_cpp/common_msg/msg/detail/dds_fastrtps/imu__type_support.cpp.o[0m
[1.787s] [ 58%] [32mBuilding CXX object CMakeFiles/common_msg__rosidl_typesupport_fastrtps_cpp.dir/rosidl_typesupport_fastrtps_cpp/common_msg/msg/detail/dds_fastrtps/foot_sensor__type_support.cpp.o[0m
[1.791s] [ 59%] [32mBuilding C object CMakeFiles/common_msg__rosidl_typesupport_introspection_c.dir/rosidl_typesupport_introspection_c/common_msg/msg/detail/motor_cmd__type_support.c.o[0m
[1.796s] [ 60%] [32mBuilding CXX object CMakeFiles/common_msg__rosidl_typesupport_fastrtps_cpp.dir/rosidl_typesupport_fastrtps_cpp/common_msg/msg/detail/dds_fastrtps/motor_set__type_support.cpp.o[0m
[1.802s] [ 61%] [32mBuilding C object CMakeFiles/common_msg__rosidl_typesupport_introspection_c.dir/rosidl_typesupport_introspection_c/common_msg/msg/detail/motor_control_cmd__type_support.c.o[0m
[1.805s] [ 61%] Built target common_msg__rosidl_typesupport_c
[1.813s] [ 62%] [32mBuilding C object CMakeFiles/common_msg__rosidl_typesupport_introspection_c.dir/rosidl_typesupport_introspection_c/common_msg/msg/detail/motor_control_array__type_support.c.o[0m
[1.817s] [ 63%] [32mBuilding C object CMakeFiles/common_msg__rosidl_typesupport_introspection_c.dir/rosidl_typesupport_introspection_c/common_msg/msg/detail/motor_state__type_support.c.o[0m
[1.829s] [ 64%] [32mBuilding C object CMakeFiles/common_msg__rosidl_typesupport_introspection_c.dir/rosidl_typesupport_introspection_c/common_msg/msg/detail/low_state__type_support.c.o[0m
[1.832s] [ 64%] [32mBuilding C object CMakeFiles/common_msg__rosidl_typesupport_introspection_c.dir/rosidl_typesupport_introspection_c/common_msg/msg/detail/motor_set__type_support.c.o[0m
[1.838s] [ 65%] [32mBuilding C object CMakeFiles/common_msg__rosidl_typesupport_introspection_c.dir/rosidl_typesupport_introspection_c/common_msg/msg/detail/motor_state_array__type_support.c.o[0m
[1.841s] [ 66%] [32mBuilding C object CMakeFiles/common_msg__rosidl_typesupport_introspection_c.dir/rosidl_typesupport_introspection_c/common_msg/msg/detail/bms_state__type_support.c.o[0m
[1.846s] [ 67%] [32mBuilding C object CMakeFiles/common_msg__rosidl_typesupport_introspection_c.dir/rosidl_typesupport_introspection_c/common_msg/msg/detail/imu__type_support.c.o[0m
[1.849s] [ 68%] [32mBuilding C object CMakeFiles/common_msg__rosidl_typesupport_introspection_c.dir/rosidl_typesupport_introspection_c/common_msg/msg/detail/foot_sensor__type_support.c.o[0m
[1.879s] [ 69%] [32m[1mLinking C shared library libcommon_msg__rosidl_typesupport_introspection_c.so[0m
[1.907s] [ 69%] Built target common_msg__rosidl_typesupport_introspection_c
[1.920s] [ 70%] [32m[1mLinking CXX shared library libcommon_msg__rosidl_typesupport_introspection_cpp.so[0m
[1.982s] [ 70%] Built target common_msg__rosidl_typesupport_introspection_cpp
[2.069s] [ 71%] [32m[1mLinking CXX shared library libcommon_msg__rosidl_typesupport_fastrtps_cpp.so[0m
[2.112s] [ 71%] Built target common_msg__rosidl_typesupport_fastrtps_cpp
[2.117s] [ 72%] [34m[1mGenerating C type support for eProsima Fast-RTPS[0m
[2.407s] [35m[1mScanning dependencies of target common_msg__rosidl_typesupport_fastrtps_c[0m
[2.418s] [ 74%] [32mBuilding CXX object CMakeFiles/common_msg__rosidl_typesupport_fastrtps_c.dir/rosidl_typesupport_fastrtps_c/common_msg/msg/detail/motor_cmd__type_support_c.cpp.o[0m
[2.418s] [ 74%] [32mBuilding CXX object CMakeFiles/common_msg__rosidl_typesupport_fastrtps_c.dir/rosidl_typesupport_fastrtps_c/common_msg/msg/detail/motor_state__type_support_c.cpp.o[0m
[2.418s] [ 74%] [32mBuilding CXX object CMakeFiles/common_msg__rosidl_typesupport_fastrtps_c.dir/rosidl_typesupport_fastrtps_c/common_msg/msg/detail/motor_control_cmd__type_support_c.cpp.o[0m
[2.418s] [ 75%] [32mBuilding CXX object CMakeFiles/common_msg__rosidl_typesupport_fastrtps_c.dir/rosidl_typesupport_fastrtps_c/common_msg/msg/detail/low_state__type_support_c.cpp.o[0m
[2.418s] [ 76%] [32mBuilding CXX object CMakeFiles/common_msg__rosidl_typesupport_fastrtps_c.dir/rosidl_typesupport_fastrtps_c/common_msg/msg/detail/motor_control_array__type_support_c.cpp.o[0m
[2.418s] [ 77%] [32mBuilding CXX object CMakeFiles/common_msg__rosidl_typesupport_fastrtps_c.dir/rosidl_typesupport_fastrtps_c/common_msg/msg/detail/low_cmd__type_support_c.cpp.o[0m
[2.421s] [ 78%] [32mBuilding CXX object CMakeFiles/common_msg__rosidl_typesupport_fastrtps_c.dir/rosidl_typesupport_fastrtps_c/common_msg/msg/detail/motor_set__type_support_c.cpp.o[0m
[2.421s] [ 80%] [32mBuilding CXX object CMakeFiles/common_msg__rosidl_typesupport_fastrtps_c.dir/rosidl_typesupport_fastrtps_c/common_msg/msg/detail/bms_state__type_support_c.cpp.o[0m
[2.421s] [ 80%] [32mBuilding CXX object CMakeFiles/common_msg__rosidl_typesupport_fastrtps_c.dir/rosidl_typesupport_fastrtps_c/common_msg/msg/detail/motor_state_array__type_support_c.cpp.o[0m
[2.421s] [ 81%] [32mBuilding CXX object CMakeFiles/common_msg__rosidl_typesupport_fastrtps_c.dir/rosidl_typesupport_fastrtps_c/common_msg/msg/detail/imu__type_support_c.cpp.o[0m
[2.421s] [ 82%] [32mBuilding CXX object CMakeFiles/common_msg__rosidl_typesupport_fastrtps_c.dir/rosidl_typesupport_fastrtps_c/common_msg/msg/detail/foot_sensor__type_support_c.cpp.o[0m
[2.632s] [ 83%] [32m[1mLinking CXX shared library libcommon_msg__rosidl_typesupport_fastrtps_c.so[0m
[2.675s] [ 83%] Built target common_msg__rosidl_typesupport_fastrtps_c
[2.679s] [35m[1mScanning dependencies of target common_msg[0m
[2.684s] [ 83%] Built target common_msg
[2.688s] [35m[1mScanning dependencies of target common_msg__py[0m
[2.693s] [ 84%] [34m[1mGenerating Python code for ROS interfaces[0m
[3.308s] [ 84%] Built target common_msg__py
[3.312s] [35m[1mScanning dependencies of target common_msg__python[0m
[3.330s] [ 85%] [32mBuilding C object CMakeFiles/common_msg__python.dir/rosidl_generator_py/common_msg/msg/_low_cmd_s.c.o[0m
[3.330s] [ 87%] [32mBuilding C object CMakeFiles/common_msg__python.dir/rosidl_generator_py/common_msg/msg/_motor_cmd_s.c.o[0m
[3.331s] [ 87%] [32mBuilding C object CMakeFiles/common_msg__python.dir/rosidl_generator_py/common_msg/msg/_motor_control_cmd_s.c.o[0m
[3.331s] [ 88%] [32mBuilding C object CMakeFiles/common_msg__python.dir/rosidl_generator_py/common_msg/msg/_motor_control_array_s.c.o[0m
[3.331s] [ 89%] [32mBuilding C object CMakeFiles/common_msg__python.dir/rosidl_generator_py/common_msg/msg/_motor_state_s.c.o[0m
[3.335s] [ 90%] [32mBuilding C object CMakeFiles/common_msg__python.dir/rosidl_generator_py/common_msg/msg/_foot_sensor_s.c.o[0m
[3.335s] [ 91%] [32mBuilding C object CMakeFiles/common_msg__python.dir/rosidl_generator_py/common_msg/msg/_motor_state_array_s.c.o[0m
[3.337s] [ 93%] [32mBuilding C object CMakeFiles/common_msg__python.dir/rosidl_generator_py/common_msg/msg/_motor_set_s.c.o[0m
[3.337s] [ 93%] [32mBuilding C object CMakeFiles/common_msg__python.dir/rosidl_generator_py/common_msg/msg/_low_state_s.c.o[0m
[3.337s] [ 93%] [32mBuilding C object CMakeFiles/common_msg__python.dir/rosidl_generator_py/common_msg/msg/_bms_state_s.c.o[0m
[3.337s] [ 94%] [32mBuilding C object CMakeFiles/common_msg__python.dir/rosidl_generator_py/common_msg/msg/_imu_s.c.o[0m
[3.409s] [ 95%] [32m[1mLinking C shared library rosidl_generator_py/common_msg/libcommon_msg__python.so[0m
[3.430s] [ 95%] Built target common_msg__python
[3.435s] [35m[1mScanning dependencies of target common_msg__rosidl_typesupport_introspection_c__pyext[0m
[3.435s] [35m[1mScanning dependencies of target common_msg__rosidl_typesupport_c__pyext[0m
[3.436s] [35m[1mScanning dependencies of target common_msg__rosidl_typesupport_fastrtps_c__pyext[0m
[3.444s] [ 96%] [32mBuilding C object CMakeFiles/common_msg__rosidl_typesupport_c__pyext.dir/rosidl_generator_py/common_msg/_common_msg_s.ep.rosidl_typesupport_c.c.o[0m
[3.444s] [ 96%] [32mBuilding C object CMakeFiles/common_msg__rosidl_typesupport_introspection_c__pyext.dir/rosidl_generator_py/common_msg/_common_msg_s.ep.rosidl_typesupport_introspection_c.c.o[0m
[3.444s] [ 97%] [32mBuilding C object CMakeFiles/common_msg__rosidl_typesupport_fastrtps_c__pyext.dir/rosidl_generator_py/common_msg/_common_msg_s.ep.rosidl_typesupport_fastrtps_c.c.o[0m
[3.490s] [100%] [32m[1mLinking CXX shared library rosidl_generator_py/common_msg/common_msg_s__rosidl_typesupport_fastrtps_c.cpython-38-x86_64-linux-gnu.so[0m
[3.491s] [100%] [32m[1mLinking C shared library rosidl_generator_py/common_msg/common_msg_s__rosidl_typesupport_c.cpython-38-x86_64-linux-gnu.so[0m
[3.491s] [100%] [32m[1mLinking C shared library rosidl_generator_py/common_msg/common_msg_s__rosidl_typesupport_introspection_c.cpython-38-x86_64-linux-gnu.so[0m
[3.508s] [100%] Built target common_msg__rosidl_typesupport_c__pyext
[3.508s] [100%] Built target common_msg__rosidl_typesupport_introspection_c__pyext
[3.522s] [100%] Built target common_msg__rosidl_typesupport_fastrtps_c__pyext
[3.527s] Invoked command in '/home/lwx/data/git/rl_deploy/build/common_msg' returned '0': CMAKE_PREFIX_PATH=/opt/ros/foxy /usr/bin/cmake --build /home/lwx/data/git/rl_deploy/build/common_msg -- -j20 -l20
[3.605s] Invoking command in '/home/lwx/data/git/rl_deploy/build/common_msg': CMAKE_PREFIX_PATH=/opt/ros/foxy /usr/bin/cmake --install /home/lwx/data/git/rl_deploy/build/common_msg
[3.608s] -- Install configuration: ""
[3.608s] -- Installing: /home/lwx/data/git/rl_deploy/install/common_msg/share/ament_index/resource_index/rosidl_interfaces/common_msg
[3.608s] -- Installing: /home/lwx/data/git/rl_deploy/install/common_msg/include/common_msg
[3.609s] -- Installing: /home/lwx/data/git/rl_deploy/install/common_msg/include/common_msg/msg
[3.609s] -- Installing: /home/lwx/data/git/rl_deploy/install/common_msg/include/common_msg/msg/motor_state_array.h
[3.609s] -- Installing: /home/lwx/data/git/rl_deploy/install/common_msg/include/common_msg/msg/bms_state.h
[3.609s] -- Installing: /home/lwx/data/git/rl_deploy/install/common_msg/include/common_msg/msg/motor_set.h
[3.609s] -- Installing: /home/lwx/data/git/rl_deploy/install/common_msg/include/common_msg/msg/low_cmd.h
[3.609s] -- Installing: /home/lwx/data/git/rl_deploy/install/common_msg/include/common_msg/msg/motor_cmd.h
[3.609s] -- Installing: /home/lwx/data/git/rl_deploy/install/common_msg/include/common_msg/msg/foot_sensor.h
[3.609s] -- Installing: /home/lwx/data/git/rl_deploy/install/common_msg/include/common_msg/msg/motor_control_array.h
[3.609s] -- Installing: /home/lwx/data/git/rl_deploy/install/common_msg/include/common_msg/msg/motor_control_cmd.h
[3.610s] -- Installing: /home/lwx/data/git/rl_deploy/install/common_msg/include/common_msg/msg/imu.h
[3.610s] -- Installing: /home/lwx/data/git/rl_deploy/install/common_msg/include/common_msg/msg/low_state.h
[3.610s] -- Installing: /home/lwx/data/git/rl_deploy/install/common_msg/include/common_msg/msg/rosidl_generator_c__visibility_control.h
[3.610s] -- Installing: /home/lwx/data/git/rl_deploy/install/common_msg/include/common_msg/msg/detail
[3.610s] -- Installing: /home/lwx/data/git/rl_deploy/install/common_msg/include/common_msg/msg/detail/bms_state__type_support.h
[3.610s] -- Installing: /home/lwx/data/git/rl_deploy/install/common_msg/include/common_msg/msg/detail/imu__functions.h
[3.610s] -- Installing: /home/lwx/data/git/rl_deploy/install/common_msg/include/common_msg/msg/detail/foot_sensor__functions.c
[3.610s] -- Installing: /home/lwx/data/git/rl_deploy/install/common_msg/include/common_msg/msg/detail/motor_set__struct.h
[3.610s] -- Installing: /home/lwx/data/git/rl_deploy/install/common_msg/include/common_msg/msg/detail/motor_state_array__functions.c
[3.610s] -- Installing: /home/lwx/data/git/rl_deploy/install/common_msg/include/common_msg/msg/detail/motor_cmd__functions.h
[3.610s] -- Installing: /home/lwx/data/git/rl_deploy/install/common_msg/include/common_msg/msg/detail/motor_control_array__functions.h
[3.610s] -- Installing: /home/lwx/data/git/rl_deploy/install/common_msg/include/common_msg/msg/detail/motor_control_array__struct.h
[3.610s] -- Installing: /home/lwx/data/git/rl_deploy/install/common_msg/include/common_msg/msg/detail/low_state__functions.h
[3.611s] -- Installing: /home/lwx/data/git/rl_deploy/install/common_msg/include/common_msg/msg/detail/motor_cmd__struct.h
[3.611s] -- Installing: /home/lwx/data/git/rl_deploy/install/common_msg/include/common_msg/msg/detail/motor_control_array__functions.c
[3.611s] -- Installing: /home/lwx/data/git/rl_deploy/install/common_msg/include/common_msg/msg/detail/bms_state__struct.h
[3.611s] -- Installing: /home/lwx/data/git/rl_deploy/install/common_msg/include/common_msg/msg/detail/low_cmd__functions.h
[3.611s] -- Installing: /home/lwx/data/git/rl_deploy/install/common_msg/include/common_msg/msg/detail/motor_cmd__type_support.h
[3.611s] -- Installing: /home/lwx/data/git/rl_deploy/install/common_msg/include/common_msg/msg/detail/motor_state__functions.c
[3.611s] -- Installing: /home/lwx/data/git/rl_deploy/install/common_msg/include/common_msg/msg/detail/low_cmd__functions.c
[3.611s] -- Installing: /home/lwx/data/git/rl_deploy/install/common_msg/include/common_msg/msg/detail/motor_set__functions.c
[3.611s] -- Installing: /home/lwx/data/git/rl_deploy/install/common_msg/include/common_msg/msg/detail/motor_control_cmd__functions.c
[3.611s] -- Installing: /home/lwx/data/git/rl_deploy/install/common_msg/include/common_msg/msg/detail/foot_sensor__struct.h
[3.611s] -- Installing: /home/lwx/data/git/rl_deploy/install/common_msg/include/common_msg/msg/detail/low_cmd__type_support.h
[3.611s] -- Installing: /home/lwx/data/git/rl_deploy/install/common_msg/include/common_msg/msg/detail/motor_set__type_support.h
[3.611s] -- Installing: /home/lwx/data/git/rl_deploy/install/common_msg/include/common_msg/msg/detail/motor_control_cmd__type_support.h
[3.611s] -- Installing: /home/lwx/data/git/rl_deploy/install/common_msg/include/common_msg/msg/detail/foot_sensor__type_support.h
[3.611s] -- Installing: /home/lwx/data/git/rl_deploy/install/common_msg/include/common_msg/msg/detail/low_state__struct.h
[3.612s] -- Installing: /home/lwx/data/git/rl_deploy/install/common_msg/include/common_msg/msg/detail/motor_control_cmd__functions.h
[3.612s] -- Installing: /home/lwx/data/git/rl_deploy/install/common_msg/include/common_msg/msg/detail/foot_sensor__functions.h
[3.612s] -- Installing: /home/lwx/data/git/rl_deploy/install/common_msg/include/common_msg/msg/detail/motor_state__functions.h
[3.612s] -- Installing: /home/lwx/data/git/rl_deploy/install/common_msg/include/common_msg/msg/detail/bms_state__functions.h
[3.612s] -- Installing: /home/lwx/data/git/rl_deploy/install/common_msg/include/common_msg/msg/detail/motor_state_array__struct.h
[3.612s] -- Installing: /home/lwx/data/git/rl_deploy/install/common_msg/include/common_msg/msg/detail/motor_state__struct.h
[3.612s] -- Installing: /home/lwx/data/git/rl_deploy/install/common_msg/include/common_msg/msg/detail/bms_state__functions.c
[3.612s] -- Installing: /home/lwx/data/git/rl_deploy/install/common_msg/include/common_msg/msg/detail/imu__functions.c
[3.612s] -- Installing: /home/lwx/data/git/rl_deploy/install/common_msg/include/common_msg/msg/detail/imu__type_support.h
[3.612s] -- Installing: /home/lwx/data/git/rl_deploy/install/common_msg/include/common_msg/msg/detail/motor_set__functions.h
[3.612s] -- Installing: /home/lwx/data/git/rl_deploy/install/common_msg/include/common_msg/msg/detail/motor_control_cmd__struct.h
[3.612s] -- Installing: /home/lwx/data/git/rl_deploy/install/common_msg/include/common_msg/msg/detail/low_cmd__struct.h
[3.612s] -- Installing: /home/lwx/data/git/rl_deploy/install/common_msg/include/common_msg/msg/detail/low_state__functions.c
[3.612s] -- Installing: /home/lwx/data/git/rl_deploy/install/common_msg/include/common_msg/msg/detail/motor_state_array__functions.h
[3.613s] -- Installing: /home/lwx/data/git/rl_deploy/install/common_msg/include/common_msg/msg/detail/motor_state__type_support.h
[3.613s] -- Installing: /home/lwx/data/git/rl_deploy/install/common_msg/include/common_msg/msg/detail/imu__struct.h
[3.613s] -- Installing: /home/lwx/data/git/rl_deploy/install/common_msg/include/common_msg/msg/detail/motor_control_array__type_support.h
[3.613s] -- Installing: /home/lwx/data/git/rl_deploy/install/common_msg/include/common_msg/msg/detail/low_state__type_support.h
[3.613s] -- Installing: /home/lwx/data/git/rl_deploy/install/common_msg/include/common_msg/msg/detail/motor_cmd__functions.c
[3.613s] -- Installing: /home/lwx/data/git/rl_deploy/install/common_msg/include/common_msg/msg/detail/motor_state_array__type_support.h
[3.613s] -- Installing: /home/lwx/data/git/rl_deploy/install/common_msg/include/common_msg/msg/motor_state.h
[3.613s] -- Installing: /home/lwx/data/git/rl_deploy/install/common_msg/share/common_msg/environment/library_path.sh
[3.613s] -- Installing: /home/lwx/data/git/rl_deploy/install/common_msg/share/common_msg/environment/library_path.dsv
[3.613s] -- Installing: /home/lwx/data/git/rl_deploy/install/common_msg/lib/libcommon_msg__rosidl_generator_c.so
[3.613s] -- Set runtime path of "/home/lwx/data/git/rl_deploy/install/common_msg/lib/libcommon_msg__rosidl_generator_c.so" to ""
[3.613s] -- Up-to-date: /home/lwx/data/git/rl_deploy/install/common_msg/include/common_msg
[3.613s] -- Up-to-date: /home/lwx/data/git/rl_deploy/install/common_msg/include/common_msg/msg
[3.614s] -- Installing: /home/lwx/data/git/rl_deploy/install/common_msg/include/common_msg/msg/rosidl_typesupport_fastrtps_c__visibility_control.h
[3.614s] -- Up-to-date: /home/lwx/data/git/rl_deploy/install/common_msg/include/common_msg/msg/detail
[3.614s] -- Installing: /home/lwx/data/git/rl_deploy/install/common_msg/include/common_msg/msg/detail/motor_state_array__rosidl_typesupport_fastrtps_c.h
[3.614s] -- Installing: /home/lwx/data/git/rl_deploy/install/common_msg/include/common_msg/msg/detail/foot_sensor__rosidl_typesupport_fastrtps_c.h
[3.614s] -- Installing: /home/lwx/data/git/rl_deploy/install/common_msg/include/common_msg/msg/detail/motor_set__rosidl_typesupport_fastrtps_c.h
[3.614s] -- Installing: /home/lwx/data/git/rl_deploy/install/common_msg/include/common_msg/msg/detail/bms_state__rosidl_typesupport_fastrtps_c.h
[3.614s] -- Installing: /home/lwx/data/git/rl_deploy/install/common_msg/include/common_msg/msg/detail/motor_control_cmd__rosidl_typesupport_fastrtps_c.h
[3.614s] -- Installing: /home/lwx/data/git/rl_deploy/install/common_msg/include/common_msg/msg/detail/low_cmd__rosidl_typesupport_fastrtps_c.h
[3.614s] -- Installing: /home/lwx/data/git/rl_deploy/install/common_msg/include/common_msg/msg/detail/motor_control_array__rosidl_typesupport_fastrtps_c.h
[3.614s] -- Installing: /home/lwx/data/git/rl_deploy/install/common_msg/include/common_msg/msg/detail/motor_cmd__rosidl_typesupport_fastrtps_c.h
[3.614s] -- Installing: /home/lwx/data/git/rl_deploy/install/common_msg/include/common_msg/msg/detail/low_state__rosidl_typesupport_fastrtps_c.h
[3.614s] -- Installing: /home/lwx/data/git/rl_deploy/install/common_msg/include/common_msg/msg/detail/imu__rosidl_typesupport_fastrtps_c.h
[3.614s] -- Installing: /home/lwx/data/git/rl_deploy/install/common_msg/include/common_msg/msg/detail/motor_state__rosidl_typesupport_fastrtps_c.h
[3.614s] -- Installing: /home/lwx/data/git/rl_deploy/install/common_msg/lib/libcommon_msg__rosidl_typesupport_fastrtps_c.so
[3.615s] -- Set runtime path of "/home/lwx/data/git/rl_deploy/install/common_msg/lib/libcommon_msg__rosidl_typesupport_fastrtps_c.so" to ""
[3.615s] -- Up-to-date: /home/lwx/data/git/rl_deploy/install/common_msg/include/common_msg
[3.615s] -- Up-to-date: /home/lwx/data/git/rl_deploy/install/common_msg/include/common_msg/msg
[3.615s] -- Installing: /home/lwx/data/git/rl_deploy/install/common_msg/include/common_msg/msg/rosidl_typesupport_fastrtps_cpp__visibility_control.h
[3.615s] -- Up-to-date: /home/lwx/data/git/rl_deploy/install/common_msg/include/common_msg/msg/detail
[3.615s] -- Installing: /home/lwx/data/git/rl_deploy/install/common_msg/include/common_msg/msg/detail/imu__rosidl_typesupport_fastrtps_cpp.hpp
[3.615s] -- Installing: /home/lwx/data/git/rl_deploy/install/common_msg/include/common_msg/msg/detail/dds_fastrtps
[3.615s] -- Installing: /home/lwx/data/git/rl_deploy/install/common_msg/include/common_msg/msg/detail/motor_state__rosidl_typesupport_fastrtps_cpp.hpp
[3.615s] -- Installing: /home/lwx/data/git/rl_deploy/install/common_msg/include/common_msg/msg/detail/low_state__rosidl_typesupport_fastrtps_cpp.hpp
[3.615s] -- Installing: /home/lwx/data/git/rl_deploy/install/common_msg/include/common_msg/msg/detail/motor_cmd__rosidl_typesupport_fastrtps_cpp.hpp
[3.615s] -- Installing: /home/lwx/data/git/rl_deploy/install/common_msg/include/common_msg/msg/detail/foot_sensor__rosidl_typesupport_fastrtps_cpp.hpp
[3.615s] -- Installing: /home/lwx/data/git/rl_deploy/install/common_msg/include/common_msg/msg/detail/motor_control_cmd__rosidl_typesupport_fastrtps_cpp.hpp
[3.615s] -- Installing: /home/lwx/data/git/rl_deploy/install/common_msg/include/common_msg/msg/detail/low_cmd__rosidl_typesupport_fastrtps_cpp.hpp
[3.615s] -- Installing: /home/lwx/data/git/rl_deploy/install/common_msg/include/common_msg/msg/detail/motor_control_array__rosidl_typesupport_fastrtps_cpp.hpp
[3.615s] -- Installing: /home/lwx/data/git/rl_deploy/install/common_msg/include/common_msg/msg/detail/motor_set__rosidl_typesupport_fastrtps_cpp.hpp
[3.616s] -- Installing: /home/lwx/data/git/rl_deploy/install/common_msg/include/common_msg/msg/detail/motor_state_array__rosidl_typesupport_fastrtps_cpp.hpp
[3.616s] -- Installing: /home/lwx/data/git/rl_deploy/install/common_msg/include/common_msg/msg/detail/bms_state__rosidl_typesupport_fastrtps_cpp.hpp
[3.616s] -- Installing: /home/lwx/data/git/rl_deploy/install/common_msg/lib/libcommon_msg__rosidl_typesupport_fastrtps_cpp.so
[3.616s] -- Set runtime path of "/home/lwx/data/git/rl_deploy/install/common_msg/lib/libcommon_msg__rosidl_typesupport_fastrtps_cpp.so" to ""
[3.616s] -- Up-to-date: /home/lwx/data/git/rl_deploy/install/common_msg/include/common_msg
[3.616s] -- Up-to-date: /home/lwx/data/git/rl_deploy/install/common_msg/include/common_msg/msg
[3.616s] -- Installing: /home/lwx/data/git/rl_deploy/install/common_msg/include/common_msg/msg/rosidl_typesupport_introspection_c__visibility_control.h
[3.616s] -- Up-to-date: /home/lwx/data/git/rl_deploy/install/common_msg/include/common_msg/msg/detail
[3.616s] -- Installing: /home/lwx/data/git/rl_deploy/install/common_msg/include/common_msg/msg/detail/motor_cmd__rosidl_typesupport_introspection_c.h
[3.616s] -- Installing: /home/lwx/data/git/rl_deploy/install/common_msg/include/common_msg/msg/detail/motor_control_array__rosidl_typesupport_introspection_c.h
[3.616s] -- Installing: /home/lwx/data/git/rl_deploy/install/common_msg/include/common_msg/msg/detail/foot_sensor__rosidl_typesupport_introspection_c.h
[3.616s] -- Installing: /home/lwx/data/git/rl_deploy/install/common_msg/include/common_msg/msg/detail/bms_state__type_support.c
[3.616s] -- Installing: /home/lwx/data/git/rl_deploy/install/common_msg/include/common_msg/msg/detail/foot_sensor__type_support.c
[3.616s] -- Installing: /home/lwx/data/git/rl_deploy/install/common_msg/include/common_msg/msg/detail/low_cmd__rosidl_typesupport_introspection_c.h
[3.616s] -- Installing: /home/lwx/data/git/rl_deploy/install/common_msg/include/common_msg/msg/detail/low_cmd__type_support.c
[3.616s] -- Installing: /home/lwx/data/git/rl_deploy/install/common_msg/include/common_msg/msg/detail/motor_control_array__type_support.c
[3.616s] -- Installing: /home/lwx/data/git/rl_deploy/install/common_msg/include/common_msg/msg/detail/motor_control_cmd__type_support.c
[3.616s] -- Installing: /home/lwx/data/git/rl_deploy/install/common_msg/include/common_msg/msg/detail/motor_state__rosidl_typesupport_introspection_c.h
[3.616s] -- Installing: /home/lwx/data/git/rl_deploy/install/common_msg/include/common_msg/msg/detail/motor_set__rosidl_typesupport_introspection_c.h
[3.617s] -- Installing: /home/lwx/data/git/rl_deploy/install/common_msg/include/common_msg/msg/detail/motor_state_array__rosidl_typesupport_introspection_c.h
[3.617s] -- Installing: /home/lwx/data/git/rl_deploy/install/common_msg/include/common_msg/msg/detail/imu__type_support.c
[3.617s] -- Installing: /home/lwx/data/git/rl_deploy/install/common_msg/include/common_msg/msg/detail/imu__rosidl_typesupport_introspection_c.h
[3.617s] -- Installing: /home/lwx/data/git/rl_deploy/install/common_msg/include/common_msg/msg/detail/motor_set__type_support.c
[3.617s] -- Installing: /home/lwx/data/git/rl_deploy/install/common_msg/include/common_msg/msg/detail/motor_cmd__type_support.c
[3.617s] -- Installing: /home/lwx/data/git/rl_deploy/install/common_msg/include/common_msg/msg/detail/motor_control_cmd__rosidl_typesupport_introspection_c.h
[3.617s] -- Installing: /home/lwx/data/git/rl_deploy/install/common_msg/include/common_msg/msg/detail/motor_state_array__type_support.c
[3.617s] -- Installing: /home/lwx/data/git/rl_deploy/install/common_msg/include/common_msg/msg/detail/low_state__rosidl_typesupport_introspection_c.h
[3.617s] -- Installing: /home/lwx/data/git/rl_deploy/install/common_msg/include/common_msg/msg/detail/low_state__type_support.c
[3.617s] -- Installing: /home/lwx/data/git/rl_deploy/install/common_msg/include/common_msg/msg/detail/motor_state__type_support.c
[3.617s] -- Installing: /home/lwx/data/git/rl_deploy/install/common_msg/include/common_msg/msg/detail/bms_state__rosidl_typesupport_introspection_c.h
[3.617s] -- Installing: /home/lwx/data/git/rl_deploy/install/common_msg/lib/libcommon_msg__rosidl_typesupport_introspection_c.so
[3.617s] -- Set runtime path of "/home/lwx/data/git/rl_deploy/install/common_msg/lib/libcommon_msg__rosidl_typesupport_introspection_c.so" to ""
[3.617s] -- Installing: /home/lwx/data/git/rl_deploy/install/common_msg/lib/libcommon_msg__rosidl_typesupport_c.so
[3.617s] -- Set runtime path of "/home/lwx/data/git/rl_deploy/install/common_msg/lib/libcommon_msg__rosidl_typesupport_c.so" to ""
[3.617s] -- Up-to-date: /home/lwx/data/git/rl_deploy/install/common_msg/include/common_msg
[3.617s] -- Up-to-date: /home/lwx/data/git/rl_deploy/install/common_msg/include/common_msg/msg
[3.617s] -- Installing: /home/lwx/data/git/rl_deploy/install/common_msg/include/common_msg/msg/bms_state.hpp
[3.617s] -- Installing: /home/lwx/data/git/rl_deploy/install/common_msg/include/common_msg/msg/motor_state.hpp
[3.618s] -- Installing: /home/lwx/data/git/rl_deploy/install/common_msg/include/common_msg/msg/motor_state_array.hpp
[3.618s] -- Installing: /home/lwx/data/git/rl_deploy/install/common_msg/include/common_msg/msg/motor_control_array.hpp
[3.618s] -- Installing: /home/lwx/data/git/rl_deploy/install/common_msg/include/common_msg/msg/imu.hpp
[3.618s] -- Installing: /home/lwx/data/git/rl_deploy/install/common_msg/include/common_msg/msg/motor_cmd.hpp
[3.618s] -- Installing: /home/lwx/data/git/rl_deploy/install/common_msg/include/common_msg/msg/low_cmd.hpp
[3.618s] -- Installing: /home/lwx/data/git/rl_deploy/install/common_msg/include/common_msg/msg/motor_set.hpp
[3.618s] -- Installing: /home/lwx/data/git/rl_deploy/install/common_msg/include/common_msg/msg/foot_sensor.hpp
[3.618s] -- Installing: /home/lwx/data/git/rl_deploy/install/common_msg/include/common_msg/msg/low_state.hpp
[3.618s] -- Installing: /home/lwx/data/git/rl_deploy/install/common_msg/include/common_msg/msg/motor_control_cmd.hpp
[3.618s] -- Installing: /home/lwx/data/git/rl_deploy/install/common_msg/include/common_msg/msg/rosidl_generator_cpp__visibility_control.hpp
[3.618s] -- Up-to-date: /home/lwx/data/git/rl_deploy/install/common_msg/include/common_msg/msg/detail
[3.618s] -- Installing: /home/lwx/data/git/rl_deploy/install/common_msg/include/common_msg/msg/detail/motor_control_array__struct.hpp
[3.618s] -- Installing: /home/lwx/data/git/rl_deploy/install/common_msg/include/common_msg/msg/detail/motor_set__type_support.hpp
[3.618s] -- Installing: /home/lwx/data/git/rl_deploy/install/common_msg/include/common_msg/msg/detail/bms_state__traits.hpp
[3.618s] -- Installing: /home/lwx/data/git/rl_deploy/install/common_msg/include/common_msg/msg/detail/motor_state__traits.hpp
[3.618s] -- Installing: /home/lwx/data/git/rl_deploy/install/common_msg/include/common_msg/msg/detail/motor_state_array__type_support.hpp
[3.618s] -- Installing: /home/lwx/data/git/rl_deploy/install/common_msg/include/common_msg/msg/detail/bms_state__type_support.hpp
[3.618s] -- Installing: /home/lwx/data/git/rl_deploy/install/common_msg/include/common_msg/msg/detail/low_state__struct.hpp
[3.618s] -- Installing: /home/lwx/data/git/rl_deploy/install/common_msg/include/common_msg/msg/detail/foot_sensor__builder.hpp
[3.618s] -- Installing: /home/lwx/data/git/rl_deploy/install/common_msg/include/common_msg/msg/detail/motor_set__traits.hpp
[3.618s] -- Installing: /home/lwx/data/git/rl_deploy/install/common_msg/include/common_msg/msg/detail/foot_sensor__traits.hpp
[3.618s] -- Installing: /home/lwx/data/git/rl_deploy/install/common_msg/include/common_msg/msg/detail/motor_state_array__builder.hpp
[3.618s] -- Installing: /home/lwx/data/git/rl_deploy/install/common_msg/include/common_msg/msg/detail/foot_sensor__struct.hpp
[3.618s] -- Installing: /home/lwx/data/git/rl_deploy/install/common_msg/include/common_msg/msg/detail/motor_control_array__type_support.hpp
[3.618s] -- Installing: /home/lwx/data/git/rl_deploy/install/common_msg/include/common_msg/msg/detail/motor_cmd__struct.hpp
[3.618s] -- Installing: /home/lwx/data/git/rl_deploy/install/common_msg/include/common_msg/msg/detail/motor_state__builder.hpp
[3.618s] -- Installing: /home/lwx/data/git/rl_deploy/install/common_msg/include/common_msg/msg/detail/low_cmd__traits.hpp
[3.618s] -- Installing: /home/lwx/data/git/rl_deploy/install/common_msg/include/common_msg/msg/detail/motor_control_cmd__builder.hpp
[3.618s] -- Installing: /home/lwx/data/git/rl_deploy/install/common_msg/include/common_msg/msg/detail/imu__type_support.hpp
[3.618s] -- Installing: /home/lwx/data/git/rl_deploy/install/common_msg/include/common_msg/msg/detail/low_cmd__builder.hpp
[3.618s] -- Installing: /home/lwx/data/git/rl_deploy/install/common_msg/include/common_msg/msg/detail/motor_control_array__builder.hpp
[3.618s] -- Installing: /home/lwx/data/git/rl_deploy/install/common_msg/include/common_msg/msg/detail/low_cmd__type_support.hpp
[3.618s] -- Installing: /home/lwx/data/git/rl_deploy/install/common_msg/include/common_msg/msg/detail/bms_state__builder.hpp
[3.618s] -- Installing: /home/lwx/data/git/rl_deploy/install/common_msg/include/common_msg/msg/detail/foot_sensor__type_support.hpp
[3.618s] -- Installing: /home/lwx/data/git/rl_deploy/install/common_msg/include/common_msg/msg/detail/motor_control_cmd__traits.hpp
[3.618s] -- Installing: /home/lwx/data/git/rl_deploy/install/common_msg/include/common_msg/msg/detail/low_state__builder.hpp
[3.618s] -- Installing: /home/lwx/data/git/rl_deploy/install/common_msg/include/common_msg/msg/detail/motor_control_cmd__type_support.hpp
[3.619s] -- Installing: /home/lwx/data/git/rl_deploy/install/common_msg/include/common_msg/msg/detail/motor_control_cmd__struct.hpp
[3.619s] -- Installing: /home/lwx/data/git/rl_deploy/install/common_msg/include/common_msg/msg/detail/motor_state__struct.hpp
[3.619s] -- Installing: /home/lwx/data/git/rl_deploy/install/common_msg/include/common_msg/msg/detail/low_cmd__struct.hpp
[3.619s] -- Installing: /home/lwx/data/git/rl_deploy/install/common_msg/include/common_msg/msg/detail/low_state__type_support.hpp
[3.619s] -- Installing: /home/lwx/data/git/rl_deploy/install/common_msg/include/common_msg/msg/detail/motor_state__type_support.hpp
[3.619s] -- Installing: /home/lwx/data/git/rl_deploy/install/common_msg/include/common_msg/msg/detail/motor_cmd__type_support.hpp
[3.619s] -- Installing: /home/lwx/data/git/rl_deploy/install/common_msg/include/common_msg/msg/detail/motor_state_array__struct.hpp
[3.619s] -- Installing: /home/lwx/data/git/rl_deploy/install/common_msg/include/common_msg/msg/detail/bms_state__struct.hpp
[3.619s] -- Installing: /home/lwx/data/git/rl_deploy/install/common_msg/include/common_msg/msg/detail/motor_cmd__traits.hpp
[3.619s] -- Installing: /home/lwx/data/git/rl_deploy/install/common_msg/include/common_msg/msg/detail/imu__builder.hpp
[3.619s] -- Installing: /home/lwx/data/git/rl_deploy/install/common_msg/include/common_msg/msg/detail/motor_cmd__builder.hpp
[3.619s] -- Installing: /home/lwx/data/git/rl_deploy/install/common_msg/include/common_msg/msg/detail/motor_set__struct.hpp
[3.619s] -- Installing: /home/lwx/data/git/rl_deploy/install/common_msg/include/common_msg/msg/detail/motor_control_array__traits.hpp
[3.619s] -- Installing: /home/lwx/data/git/rl_deploy/install/common_msg/include/common_msg/msg/detail/imu__struct.hpp
[3.619s] -- Installing: /home/lwx/data/git/rl_deploy/install/common_msg/include/common_msg/msg/detail/imu__traits.hpp
[3.619s] -- Installing: /home/lwx/data/git/rl_deploy/install/common_msg/include/common_msg/msg/detail/motor_set__builder.hpp
[3.619s] -- Installing: /home/lwx/data/git/rl_deploy/install/common_msg/include/common_msg/msg/detail/low_state__traits.hpp
[3.619s] -- Installing: /home/lwx/data/git/rl_deploy/install/common_msg/include/common_msg/msg/detail/motor_state_array__traits.hpp
[3.619s] -- Up-to-date: /home/lwx/data/git/rl_deploy/install/common_msg/include/common_msg
[3.619s] -- Up-to-date: /home/lwx/data/git/rl_deploy/install/common_msg/include/common_msg/msg
[3.619s] -- Up-to-date: /home/lwx/data/git/rl_deploy/install/common_msg/include/common_msg/msg/detail
[3.619s] -- Installing: /home/lwx/data/git/rl_deploy/install/common_msg/include/common_msg/msg/detail/motor_control_cmd__rosidl_typesupport_introspection_cpp.hpp
[3.619s] -- Installing: /home/lwx/data/git/rl_deploy/install/common_msg/include/common_msg/msg/detail/low_state__rosidl_typesupport_introspection_cpp.hpp
[3.619s] -- Installing: /home/lwx/data/git/rl_deploy/install/common_msg/include/common_msg/msg/detail/motor_state_array__type_support.cpp
[3.619s] -- Installing: /home/lwx/data/git/rl_deploy/install/common_msg/include/common_msg/msg/detail/bms_state__rosidl_typesupport_introspection_cpp.hpp
[3.619s] -- Installing: /home/lwx/data/git/rl_deploy/install/common_msg/include/common_msg/msg/detail/imu__type_support.cpp
[3.619s] -- Installing: /home/lwx/data/git/rl_deploy/install/common_msg/include/common_msg/msg/detail/foot_sensor__rosidl_typesupport_introspection_cpp.hpp
[3.619s] -- Installing: /home/lwx/data/git/rl_deploy/install/common_msg/include/common_msg/msg/detail/motor_state__rosidl_typesupport_introspection_cpp.hpp
[3.619s] -- Installing: /home/lwx/data/git/rl_deploy/install/common_msg/include/common_msg/msg/detail/foot_sensor__type_support.cpp
[3.619s] -- Installing: /home/lwx/data/git/rl_deploy/install/common_msg/include/common_msg/msg/detail/motor_set__type_support.cpp
[3.619s] -- Installing: /home/lwx/data/git/rl_deploy/install/common_msg/include/common_msg/msg/detail/motor_control_cmd__type_support.cpp
[3.619s] -- Installing: /home/lwx/data/git/rl_deploy/install/common_msg/include/common_msg/msg/detail/motor_control_array__type_support.cpp
[3.619s] -- Installing: /home/lwx/data/git/rl_deploy/install/common_msg/include/common_msg/msg/detail/bms_state__type_support.cpp
[3.619s] -- Installing: /home/lwx/data/git/rl_deploy/install/common_msg/include/common_msg/msg/detail/motor_control_array__rosidl_typesupport_introspection_cpp.hpp
[3.619s] -- Installing: /home/lwx/data/git/rl_deploy/install/common_msg/include/common_msg/msg/detail/motor_cmd__type_support.cpp
[3.619s] -- Installing: /home/lwx/data/git/rl_deploy/install/common_msg/include/common_msg/msg/detail/motor_state__type_support.cpp
[3.619s] -- Installing: /home/lwx/data/git/rl_deploy/install/common_msg/include/common_msg/msg/detail/low_cmd__type_support.cpp
[3.619s] -- Installing: /home/lwx/data/git/rl_deploy/install/common_msg/include/common_msg/msg/detail/motor_set__rosidl_typesupport_introspection_cpp.hpp
[3.619s] -- Installing: /home/lwx/data/git/rl_deploy/install/common_msg/include/common_msg/msg/detail/motor_cmd__rosidl_typesupport_introspection_cpp.hpp
[3.619s] -- Installing: /home/lwx/data/git/rl_deploy/install/common_msg/include/common_msg/msg/detail/low_cmd__rosidl_typesupport_introspection_cpp.hpp
[3.619s] -- Installing: /home/lwx/data/git/rl_deploy/install/common_msg/include/common_msg/msg/detail/motor_state_array__rosidl_typesupport_introspection_cpp.hpp
[3.619s] -- Installing: /home/lwx/data/git/rl_deploy/install/common_msg/include/common_msg/msg/detail/imu__rosidl_typesupport_introspection_cpp.hpp
[3.619s] -- Installing: /home/lwx/data/git/rl_deploy/install/common_msg/include/common_msg/msg/detail/low_state__type_support.cpp
[3.619s] -- Installing: /home/lwx/data/git/rl_deploy/install/common_msg/lib/libcommon_msg__rosidl_typesupport_introspection_cpp.so
[3.619s] -- Set runtime path of "/home/lwx/data/git/rl_deploy/install/common_msg/lib/libcommon_msg__rosidl_typesupport_introspection_cpp.so" to ""
[3.619s] -- Installing: /home/lwx/data/git/rl_deploy/install/common_msg/lib/libcommon_msg__rosidl_typesupport_cpp.so
[3.619s] -- Set runtime path of "/home/lwx/data/git/rl_deploy/install/common_msg/lib/libcommon_msg__rosidl_typesupport_cpp.so" to ""
[3.619s] -- Installing: /home/lwx/data/git/rl_deploy/install/common_msg/share/common_msg/environment/pythonpath.sh
[3.619s] -- Installing: /home/lwx/data/git/rl_deploy/install/common_msg/share/common_msg/environment/pythonpath.dsv
[3.619s] -- Installing: /home/lwx/data/git/rl_deploy/install/common_msg/lib/python3.8/site-packages/common_msg/__init__.py
[3.629s] Compiling '/home/lwx/data/git/rl_deploy/install/common_msg/lib/python3.8/site-packages/common_msg/__init__.py'...
[3.631s] -- Installing: /home/lwx/data/git/rl_deploy/install/common_msg/lib/python3.8/site-packages/common_msg/msg
[3.631s] -- Installing: /home/lwx/data/git/rl_deploy/install/common_msg/lib/python3.8/site-packages/common_msg/msg/_foot_sensor_s.c
[3.631s] -- Installing: /home/lwx/data/git/rl_deploy/install/common_msg/lib/python3.8/site-packages/common_msg/msg/_low_state_s.c
[3.631s] -- Installing: /home/lwx/data/git/rl_deploy/install/common_msg/lib/python3.8/site-packages/common_msg/msg/_motor_control_array_s.c
[3.632s] -- Installing: /home/lwx/data/git/rl_deploy/install/common_msg/lib/python3.8/site-packages/common_msg/msg/_motor_control_cmd_s.c
[3.632s] -- Installing: /home/lwx/data/git/rl_deploy/install/common_msg/lib/python3.8/site-packages/common_msg/msg/_low_cmd.py
[3.632s] -- Installing: /home/lwx/data/git/rl_deploy/install/common_msg/lib/python3.8/site-packages/common_msg/msg/_motor_control_cmd.py
[3.632s] -- Installing: /home/lwx/data/git/rl_deploy/install/common_msg/lib/python3.8/site-packages/common_msg/msg/_motor_cmd_s.c
[3.632s] -- Installing: /home/lwx/data/git/rl_deploy/install/common_msg/lib/python3.8/site-packages/common_msg/msg/_motor_state.py
[3.632s] -- Installing: /home/lwx/data/git/rl_deploy/install/common_msg/lib/python3.8/site-packages/common_msg/msg/_imu.py
[3.632s] -- Installing: /home/lwx/data/git/rl_deploy/install/common_msg/lib/python3.8/site-packages/common_msg/msg/_low_cmd_s.c
[3.632s] -- Installing: /home/lwx/data/git/rl_deploy/install/common_msg/lib/python3.8/site-packages/common_msg/msg/_bms_state.py
[3.632s] -- Installing: /home/lwx/data/git/rl_deploy/install/common_msg/lib/python3.8/site-packages/common_msg/msg/_motor_set_s.c
[3.632s] -- Installing: /home/lwx/data/git/rl_deploy/install/common_msg/lib/python3.8/site-packages/common_msg/msg/_motor_control_array.py
[3.632s] -- Installing: /home/lwx/data/git/rl_deploy/install/common_msg/lib/python3.8/site-packages/common_msg/msg/_motor_state_array.py
[3.632s] -- Installing: /home/lwx/data/git/rl_deploy/install/common_msg/lib/python3.8/site-packages/common_msg/msg/_bms_state_s.c
[3.632s] -- Installing: /home/lwx/data/git/rl_deploy/install/common_msg/lib/python3.8/site-packages/common_msg/msg/_motor_state_array_s.c
[3.632s] -- Installing: /home/lwx/data/git/rl_deploy/install/common_msg/lib/python3.8/site-packages/common_msg/msg/_motor_state_s.c
[3.632s] -- Installing: /home/lwx/data/git/rl_deploy/install/common_msg/lib/python3.8/site-packages/common_msg/msg/_foot_sensor.py
[3.633s] -- Installing: /home/lwx/data/git/rl_deploy/install/common_msg/lib/python3.8/site-packages/common_msg/msg/_imu_s.c
[3.633s] -- Installing: /home/lwx/data/git/rl_deploy/install/common_msg/lib/python3.8/site-packages/common_msg/msg/__init__.py
[3.633s] -- Installing: /home/lwx/data/git/rl_deploy/install/common_msg/lib/python3.8/site-packages/common_msg/msg/_motor_set.py
[3.633s] -- Installing: /home/lwx/data/git/rl_deploy/install/common_msg/lib/python3.8/site-packages/common_msg/msg/_motor_cmd.py
[3.633s] -- Installing: /home/lwx/data/git/rl_deploy/install/common_msg/lib/python3.8/site-packages/common_msg/msg/_low_state.py
[3.633s] -- Installing: /home/lwx/data/git/rl_deploy/install/common_msg/lib/python3.8/site-packages/common_msg/common_msg_s__rosidl_typesupport_fastrtps_c.cpython-38-x86_64-linux-gnu.so
[3.633s] -- Set runtime path of "/home/lwx/data/git/rl_deploy/install/common_msg/lib/python3.8/site-packages/common_msg/common_msg_s__rosidl_typesupport_fastrtps_c.cpython-38-x86_64-linux-gnu.so" to ""
[3.633s] -- Installing: /home/lwx/data/git/rl_deploy/install/common_msg/lib/python3.8/site-packages/common_msg/common_msg_s__rosidl_typesupport_introspection_c.cpython-38-x86_64-linux-gnu.so
[3.633s] -- Set runtime path of "/home/lwx/data/git/rl_deploy/install/common_msg/lib/python3.8/site-packages/common_msg/common_msg_s__rosidl_typesupport_introspection_c.cpython-38-x86_64-linux-gnu.so" to ""
[3.633s] -- Installing: /home/lwx/data/git/rl_deploy/install/common_msg/lib/python3.8/site-packages/common_msg/common_msg_s__rosidl_typesupport_c.cpython-38-x86_64-linux-gnu.so
[3.633s] -- Set runtime path of "/home/lwx/data/git/rl_deploy/install/common_msg/lib/python3.8/site-packages/common_msg/common_msg_s__rosidl_typesupport_c.cpython-38-x86_64-linux-gnu.so" to ""
[3.633s] -- Installing: /home/lwx/data/git/rl_deploy/install/common_msg/lib/libcommon_msg__python.so
[3.633s] -- Set runtime path of "/home/lwx/data/git/rl_deploy/install/common_msg/lib/libcommon_msg__python.so" to ""
[3.633s] -- Installing: /home/lwx/data/git/rl_deploy/install/common_msg/share/common_msg/msg/LowCmd.idl
[3.634s] -- Installing: /home/lwx/data/git/rl_deploy/install/common_msg/share/common_msg/msg/MotorCmd.idl
[3.634s] -- Installing: /home/lwx/data/git/rl_deploy/install/common_msg/share/common_msg/msg/MotorControlCmd.idl
[3.634s] -- Installing: /home/lwx/data/git/rl_deploy/install/common_msg/share/common_msg/msg/MotorControlArray.idl
[3.634s] -- Installing: /home/lwx/data/git/rl_deploy/install/common_msg/share/common_msg/msg/MotorState.idl
[3.634s] -- Installing: /home/lwx/data/git/rl_deploy/install/common_msg/share/common_msg/msg/LowState.idl
[3.634s] -- Installing: /home/lwx/data/git/rl_deploy/install/common_msg/share/common_msg/msg/MotorSet.idl
[3.634s] -- Installing: /home/lwx/data/git/rl_deploy/install/common_msg/share/common_msg/msg/MotorStateArray.idl
[3.634s] -- Installing: /home/lwx/data/git/rl_deploy/install/common_msg/share/common_msg/msg/BmsState.idl
[3.634s] -- Installing: /home/lwx/data/git/rl_deploy/install/common_msg/share/common_msg/msg/Imu.idl
[3.634s] -- Installing: /home/lwx/data/git/rl_deploy/install/common_msg/share/common_msg/msg/FootSensor.idl
[3.634s] -- Installing: /home/lwx/data/git/rl_deploy/install/common_msg/share/common_msg/msg/LowCmd.msg
[3.634s] -- Installing: /home/lwx/data/git/rl_deploy/install/common_msg/share/common_msg/msg/MotorCmd.msg
[3.634s] -- Installing: /home/lwx/data/git/rl_deploy/install/common_msg/share/common_msg/msg/MotorControlCmd.msg
[3.634s] -- Installing: /home/lwx/data/git/rl_deploy/install/common_msg/share/common_msg/msg/MotorControlArray.msg
[3.635s] -- Installing: /home/lwx/data/git/rl_deploy/install/common_msg/share/common_msg/msg/MotorState.msg
[3.635s] -- Installing: /home/lwx/data/git/rl_deploy/install/common_msg/share/common_msg/msg/LowState.msg
[3.635s] -- Installing: /home/lwx/data/git/rl_deploy/install/common_msg/share/common_msg/msg/MotorSet.msg
[3.635s] -- Installing: /home/lwx/data/git/rl_deploy/install/common_msg/share/common_msg/msg/MotorStateArray.msg
[3.635s] -- Installing: /home/lwx/data/git/rl_deploy/install/common_msg/share/common_msg/msg/BmsState.msg
[3.635s] -- Installing: /home/lwx/data/git/rl_deploy/install/common_msg/share/common_msg/msg/Imu.msg
[3.635s] -- Installing: /home/lwx/data/git/rl_deploy/install/common_msg/share/common_msg/msg/FootSensor.msg
[3.635s] -- Installing: /home/lwx/data/git/rl_deploy/install/common_msg/share/ament_index/resource_index/package_run_dependencies/common_msg
[3.635s] -- Installing: /home/lwx/data/git/rl_deploy/install/common_msg/share/ament_index/resource_index/parent_prefix_path/common_msg
[3.635s] -- Installing: /home/lwx/data/git/rl_deploy/install/common_msg/share/common_msg/environment/ament_prefix_path.sh
[3.635s] -- Installing: /home/lwx/data/git/rl_deploy/install/common_msg/share/common_msg/environment/ament_prefix_path.dsv
[3.635s] -- Installing: /home/lwx/data/git/rl_deploy/install/common_msg/share/common_msg/environment/path.sh
[3.635s] -- Installing: /home/lwx/data/git/rl_deploy/install/common_msg/share/common_msg/environment/path.dsv
[3.635s] -- Installing: /home/lwx/data/git/rl_deploy/install/common_msg/share/common_msg/local_setup.bash
[3.635s] -- Installing: /home/lwx/data/git/rl_deploy/install/common_msg/share/common_msg/local_setup.sh
[3.635s] -- Installing: /home/lwx/data/git/rl_deploy/install/common_msg/share/common_msg/local_setup.zsh
[3.636s] -- Installing: /home/lwx/data/git/rl_deploy/install/common_msg/share/common_msg/local_setup.dsv
[3.636s] -- Installing: /home/lwx/data/git/rl_deploy/install/common_msg/share/common_msg/package.dsv
[3.636s] -- Installing: /home/lwx/data/git/rl_deploy/install/common_msg/share/ament_index/resource_index/packages/common_msg
[3.636s] -- Installing: /home/lwx/data/git/rl_deploy/install/common_msg/share/common_msg/cmake/common_msg__rosidl_generator_cExport.cmake
[3.636s] -- Installing: /home/lwx/data/git/rl_deploy/install/common_msg/share/common_msg/cmake/common_msg__rosidl_generator_cExport-noconfig.cmake
[3.636s] -- Installing: /home/lwx/data/git/rl_deploy/install/common_msg/share/common_msg/cmake/common_msg__rosidl_typesupport_introspection_cExport.cmake
[3.636s] -- Installing: /home/lwx/data/git/rl_deploy/install/common_msg/share/common_msg/cmake/common_msg__rosidl_typesupport_introspection_cExport-noconfig.cmake
[3.636s] -- Installing: /home/lwx/data/git/rl_deploy/install/common_msg/share/common_msg/cmake/common_msg__rosidl_typesupport_cExport.cmake
[3.636s] -- Installing: /home/lwx/data/git/rl_deploy/install/common_msg/share/common_msg/cmake/common_msg__rosidl_typesupport_cExport-noconfig.cmake
[3.636s] -- Installing: /home/lwx/data/git/rl_deploy/install/common_msg/share/common_msg/cmake/common_msg__rosidl_generator_cppExport.cmake
[3.637s] -- Installing: /home/lwx/data/git/rl_deploy/install/common_msg/share/common_msg/cmake/common_msg__rosidl_typesupport_introspection_cppExport.cmake
[3.637s] -- Installing: /home/lwx/data/git/rl_deploy/install/common_msg/share/common_msg/cmake/common_msg__rosidl_typesupport_introspection_cppExport-noconfig.cmake
[3.637s] -- Installing: /home/lwx/data/git/rl_deploy/install/common_msg/share/common_msg/cmake/common_msg__rosidl_typesupport_cppExport.cmake
[3.637s] -- Installing: /home/lwx/data/git/rl_deploy/install/common_msg/share/common_msg/cmake/common_msg__rosidl_typesupport_cppExport-noconfig.cmake
[3.637s] -- Installing: /home/lwx/data/git/rl_deploy/install/common_msg/share/common_msg/cmake/rosidl_cmake-extras.cmake
[3.637s] -- Installing: /home/lwx/data/git/rl_deploy/install/common_msg/share/common_msg/cmake/ament_cmake_export_dependencies-extras.cmake
[3.637s] -- Installing: /home/lwx/data/git/rl_deploy/install/common_msg/share/common_msg/cmake/ament_cmake_export_libraries-extras.cmake
[3.637s] -- Installing: /home/lwx/data/git/rl_deploy/install/common_msg/share/common_msg/cmake/ament_cmake_export_targets-extras.cmake
[3.637s] -- Installing: /home/lwx/data/git/rl_deploy/install/common_msg/share/common_msg/cmake/ament_cmake_export_include_directories-extras.cmake
[3.637s] -- Installing: /home/lwx/data/git/rl_deploy/install/common_msg/share/common_msg/cmake/rosidl_cmake_export_typesupport_libraries-extras.cmake
[3.637s] -- Installing: /home/lwx/data/git/rl_deploy/install/common_msg/share/common_msg/cmake/rosidl_cmake_export_typesupport_targets-extras.cmake
[3.637s] -- Installing: /home/lwx/data/git/rl_deploy/install/common_msg/share/common_msg/cmake/common_msgConfig.cmake
[3.637s] -- Installing: /home/lwx/data/git/rl_deploy/install/common_msg/share/common_msg/cmake/common_msgConfig-version.cmake
[3.637s] -- Installing: /home/lwx/data/git/rl_deploy/install/common_msg/share/common_msg/package.xml
[3.638s] Invoked command in '/home/lwx/data/git/rl_deploy/build/common_msg' returned '0': CMAKE_PREFIX_PATH=/opt/ros/foxy /usr/bin/cmake --install /home/lwx/data/git/rl_deploy/build/common_msg
