/home/lwx/data/git/rl_deploy/install/rl_deploy/lib/python3.8/site-packages/rl_deploy/legged_robot_config.py
/home/lwx/data/git/rl_deploy/install/rl_deploy/lib/python3.8/site-packages/rl_deploy/base_config.py
/home/lwx/data/git/rl_deploy/install/rl_deploy/lib/python3.8/site-packages/rl_deploy/rl_deploy copy.py
/home/lwx/data/git/rl_deploy/install/rl_deploy/lib/python3.8/site-packages/rl_deploy/__init__.py
/home/lwx/data/git/rl_deploy/install/rl_deploy/lib/python3.8/site-packages/rl_deploy/rl_deploy.py
/home/lwx/data/git/rl_deploy/install/rl_deploy/lib/python3.8/site-packages/rl_deploy/humanoid_config.py
/home/lwx/data/git/rl_deploy/install/rl_deploy/lib/python3.8/site-packages/rl_deploy/__pycache__/legged_robot_config.cpython-38.pyc
/home/lwx/data/git/rl_deploy/install/rl_deploy/lib/python3.8/site-packages/rl_deploy/__pycache__/base_config.cpython-38.pyc
/home/lwx/data/git/rl_deploy/install/rl_deploy/lib/python3.8/site-packages/rl_deploy/__pycache__/rl_deploy copy.cpython-38.pyc
/home/lwx/data/git/rl_deploy/install/rl_deploy/lib/python3.8/site-packages/rl_deploy/__pycache__/__init__.cpython-38.pyc
/home/lwx/data/git/rl_deploy/install/rl_deploy/lib/python3.8/site-packages/rl_deploy/__pycache__/rl_deploy.cpython-38.pyc
/home/lwx/data/git/rl_deploy/install/rl_deploy/lib/python3.8/site-packages/rl_deploy/__pycache__/humanoid_config.cpython-38.pyc
/home/lwx/data/git/rl_deploy/install/rl_deploy/share/ament_index/resource_index/packages/rl_deploy
/home/lwx/data/git/rl_deploy/install/rl_deploy/share/rl_deploy/package.xml
/home/lwx/data/git/rl_deploy/install/rl_deploy/lib/python3.8/site-packages/rl_deploy-0.0.0-py3.8.egg-info/SOURCES.txt
/home/lwx/data/git/rl_deploy/install/rl_deploy/lib/python3.8/site-packages/rl_deploy-0.0.0-py3.8.egg-info/entry_points.txt
/home/lwx/data/git/rl_deploy/install/rl_deploy/lib/python3.8/site-packages/rl_deploy-0.0.0-py3.8.egg-info/zip-safe
/home/lwx/data/git/rl_deploy/install/rl_deploy/lib/python3.8/site-packages/rl_deploy-0.0.0-py3.8.egg-info/top_level.txt
/home/lwx/data/git/rl_deploy/install/rl_deploy/lib/python3.8/site-packages/rl_deploy-0.0.0-py3.8.egg-info/dependency_links.txt
/home/lwx/data/git/rl_deploy/install/rl_deploy/lib/python3.8/site-packages/rl_deploy-0.0.0-py3.8.egg-info/requires.txt
/home/lwx/data/git/rl_deploy/install/rl_deploy/lib/python3.8/site-packages/rl_deploy-0.0.0-py3.8.egg-info/PKG-INFO
/home/lwx/data/git/rl_deploy/install/rl_deploy/lib/rl_deploy/rl_node
